13:4: not a valid test operator: (
13:4: not a valid test operator: 530.30.02
Defaulting to user installation because normal site-packages is not writeable
WARNING: Ignoring invalid distribution -ransformers (/home/paganinik/.local/lib/python3.10/site-packages)
WARNING: Ignoring invalid distribution -ransformers (/home/paganinik/.local/lib/python3.10/site-packages)
Looking in indexes: https://pypi.org/simple, https://pypi.ngc.nvidia.com
Requirement already satisfied: rllib in /home/paganinik/.local/lib/python3.10/site-packages (0.0.1)
Requirement already satisfied: ray in /home/paganinik/.local/lib/python3.10/site-packages (2.8.0)
Requirement already satisfied: gymnasium in /home/paganinik/.local/lib/python3.10/site-packages (0.29.1)
Requirement already satisfied: dm_tree in /home/paganinik/.local/lib/python3.10/site-packages (0.1.8)
Requirement already satisfied: pyboy in /home/paganinik/.local/lib/python3.10/site-packages (1.6.9)
Requirement already satisfied: pysdl2 in /home/paganinik/.local/lib/python3.10/site-packages (0.9.16)
Requirement already satisfied: pysdl2-dll in /home/paganinik/.local/lib/python3.10/site-packages (2.28.4)
Requirement already satisfied: tensorflow-probability in /home/paganinik/.local/lib/python3.10/site-packages (0.23.0)
Requirement already satisfied: click>=7.0 in /usr/local/lib/python3.10/dist-packages (from ray) (8.1.3)
Requirement already satisfied: filelock in /usr/local/lib/python3.10/dist-packages (from ray) (3.12.0)
Requirement already satisfied: jsonschema in /usr/local/lib/python3.10/dist-packages (from ray) (4.17.3)
Requirement already satisfied: msgpack<2.0.0,>=1.0.0 in /usr/local/lib/python3.10/dist-packages (from ray) (1.0.5)
Requirement already satisfied: packaging in /usr/local/lib/python3.10/dist-packages (from ray) (23.1)
Requirement already satisfied: protobuf!=3.19.5,>=3.15.3 in /usr/local/lib/python3.10/dist-packages (from ray) (3.20.3)
Requirement already satisfied: pyyaml in /usr/local/lib/python3.10/dist-packages (from ray) (6.0)
Requirement already satisfied: aiosignal in /usr/local/lib/python3.10/dist-packages (from ray) (1.3.1)
Requirement already satisfied: frozenlist in /usr/local/lib/python3.10/dist-packages (from ray) (1.3.3)
Requirement already satisfied: requests in /usr/local/lib/python3.10/dist-packages (from ray) (2.29.0)
Requirement already satisfied: numpy>=1.19.3 in /home/paganinik/.local/lib/python3.10/site-packages (from ray) (1.26.0)
Requirement already satisfied: cloudpickle>=1.2.0 in /usr/local/lib/python3.10/dist-packages (from gymnasium) (2.2.1)
Requirement already satisfied: typing-extensions>=4.3.0 in /usr/local/lib/python3.10/dist-packages (from gymnasium) (4.5.0)
Requirement already satisfied: farama-notifications>=0.0.1 in /home/paganinik/.local/lib/python3.10/site-packages (from gymnasium) (0.0.4)
Requirement already satisfied: absl-py in /usr/local/lib/python3.10/dist-packages (from tensorflow-probability) (1.4.0)
Requirement already satisfied: six>=1.10.0 in /usr/local/lib/python3.10/dist-packages (from tensorflow-probability) (1.16.0)
Requirement already satisfied: decorator in /usr/local/lib/python3.10/dist-packages (from tensorflow-probability) (5.1.1)
Requirement already satisfied: gast>=0.3.2 in /usr/local/lib/python3.10/dist-packages (from tensorflow-probability) (0.4.0)
Requirement already satisfied: attrs>=17.4.0 in /usr/local/lib/python3.10/dist-packages (from jsonschema->ray) (23.1.0)
Requirement already satisfied: pyrsistent!=0.17.0,!=0.17.1,!=0.17.2,>=0.14.0 in /usr/local/lib/python3.10/dist-packages (from jsonschema->ray) (0.19.3)
Requirement already satisfied: charset-normalizer<4,>=2 in /usr/local/lib/python3.10/dist-packages (from requests->ray) (3.1.0)
Requirement already satisfied: idna<4,>=2.5 in /usr/local/lib/python3.10/dist-packages (from requests->ray) (3.4)
Requirement already satisfied: urllib3<1.27,>=1.21.1 in /usr/local/lib/python3.10/dist-packages (from requests->ray) (1.26.15)
Requirement already satisfied: certifi>=2017.4.17 in /usr/local/lib/python3.10/dist-packages (from requests->ray) (2022.12.7)
WARNING: Ignoring invalid distribution -ransformers (/home/paganinik/.local/lib/python3.10/site-packages)
WARNING: Ignoring invalid distribution -ransformers (/home/paganinik/.local/lib/python3.10/site-packages)
WARNING: Ignoring invalid distribution -ransformers (/home/paganinik/.local/lib/python3.10/site-packages)
WARNING: Ignoring invalid distribution -ransformers (/home/paganinik/.local/lib/python3.10/site-packages)

[notice] A new release of pip is available: 23.1.2 -> 23.3.1
[notice] To update, run: python3 -m pip install --upgrade pip
2023-11-27 22:18:40,270	WARNING compression.py:16 -- lz4 not available, disabling sample compression. This will significantly impact RLlib performance. To install lz4, run `pip install lz4`.
2023-11-27 22:18:41,067	WARNING __init__.py:10 -- PG has/have been moved to `rllib_contrib` and will no longer be maintained by the RLlib team. You can still use it/them normally inside RLlib util Ray 2.8, but from Ray 2.9 on, all `rllib_contrib` algorithms will no longer be part of the core repo, and will therefore have to be installed separately with pinned dependencies for e.g. ray[rllib] and other packages! See https://github.com/ray-project/ray/tree/master/rllib_contrib#rllib-contrib for more information on the RLlib contrib effort.
UserWarning: Using SDL2 binaries from pysdl2-dll 2.28.4
2023-11-27 22:18:45,402	INFO worker.py:1673 -- Started a local Ray instance.
2023-11-27 22:19:08,926	WARNING __init__.py:10 -- A3C has/have been moved to `rllib_contrib` and will no longer be maintained by the RLlib team. You can still use it/them normally inside RLlib util Ray 2.8, but from Ray 2.9 on, all `rllib_contrib` algorithms will no longer be part of the core repo, and will therefore have to be installed separately with pinned dependencies for e.g. ray[rllib] and other packages! See https://github.com/ray-project/ray/tree/master/rllib_contrib#rllib-contrib for more information on the RLlib contrib effort.
2023-11-27 22:19:08,927	WARNING __init__.py:10 -- A2C has/have been moved to `rllib_contrib` and will no longer be maintained by the RLlib team. You can still use it/them normally inside RLlib util Ray 2.8, but from Ray 2.9 on, all `rllib_contrib` algorithms will no longer be part of the core repo, and will therefore have to be installed separately with pinned dependencies for e.g. ray[rllib] and other packages! See https://github.com/ray-project/ray/tree/master/rllib_contrib#rllib-contrib for more information on the RLlib contrib effort.
2023-11-27 22:19:08,947	WARNING __init__.py:10 -- AlphaZero has/have been moved to `rllib_contrib` and will no longer be maintained by the RLlib team. You can still use it/them normally inside RLlib util Ray 2.8, but from Ray 2.9 on, all `rllib_contrib` algorithms will no longer be part of the core repo, and will therefore have to be installed separately with pinned dependencies for e.g. ray[rllib] and other packages! See https://github.com/ray-project/ray/tree/master/rllib_contrib#rllib-contrib for more information on the RLlib contrib effort.
2023-11-27 22:19:09,293	WARNING __init__.py:10 -- ApexDQN has/have been moved to `rllib_contrib` and will no longer be maintained by the RLlib team. You can still use it/them normally inside RLlib util Ray 2.8, but from Ray 2.9 on, all `rllib_contrib` algorithms will no longer be part of the core repo, and will therefore have to be installed separately with pinned dependencies for e.g. ray[rllib] and other packages! See https://github.com/ray-project/ray/tree/master/rllib_contrib#rllib-contrib for more information on the RLlib contrib effort.
2023-11-27 22:19:09,308	WARNING __init__.py:10 -- DDPG has/have been moved to `rllib_contrib` and will no longer be maintained by the RLlib team. You can still use it/them normally inside RLlib util Ray 2.8, but from Ray 2.9 on, all `rllib_contrib` algorithms will no longer be part of the core repo, and will therefore have to be installed separately with pinned dependencies for e.g. ray[rllib] and other packages! See https://github.com/ray-project/ray/tree/master/rllib_contrib#rllib-contrib for more information on the RLlib contrib effort.
2023-11-27 22:19:09,308	WARNING __init__.py:10 -- ApexDDPG has/have been moved to `rllib_contrib` and will no longer be maintained by the RLlib team. You can still use it/them normally inside RLlib util Ray 2.8, but from Ray 2.9 on, all `rllib_contrib` algorithms will no longer be part of the core repo, and will therefore have to be installed separately with pinned dependencies for e.g. ray[rllib] and other packages! See https://github.com/ray-project/ray/tree/master/rllib_contrib#rllib-contrib for more information on the RLlib contrib effort.
2023-11-27 22:19:09,336	WARNING __init__.py:10 -- ES has/have been moved to `rllib_contrib` and will no longer be maintained by the RLlib team. You can still use it/them normally inside RLlib util Ray 2.8, but from Ray 2.9 on, all `rllib_contrib` algorithms will no longer be part of the core repo, and will therefore have to be installed separately with pinned dependencies for e.g. ray[rllib] and other packages! See https://github.com/ray-project/ray/tree/master/rllib_contrib#rllib-contrib for more information on the RLlib contrib effort.
2023-11-27 22:19:09,340	WARNING __init__.py:10 -- ARS has/have been moved to `rllib_contrib` and will no longer be maintained by the RLlib team. You can still use it/them normally inside RLlib util Ray 2.8, but from Ray 2.9 on, all `rllib_contrib` algorithms will no longer be part of the core repo, and will therefore have to be installed separately with pinned dependencies for e.g. ray[rllib] and other packages! See https://github.com/ray-project/ray/tree/master/rllib_contrib#rllib-contrib for more information on the RLlib contrib effort.
2023-11-27 22:19:09,358	WARNING __init__.py:10 -- BanditLinTS and BanditLinUCB has/have been moved to `rllib_contrib` and will no longer be maintained by the RLlib team. You can still use it/them normally inside RLlib util Ray 2.8, but from Ray 2.9 on, all `rllib_contrib` algorithms will no longer be part of the core repo, and will therefore have to be installed separately with pinned dependencies for e.g. ray[rllib] and other packages! See https://github.com/ray-project/ray/tree/master/rllib_contrib#rllib-contrib for more information on the RLlib contrib effort.
2023-11-27 22:19:09,427	WARNING __init__.py:10 -- CRR has/have been moved to `rllib_contrib` and will no longer be maintained by the RLlib team. You can still use it/them normally inside RLlib util Ray 2.8, but from Ray 2.9 on, all `rllib_contrib` algorithms will no longer be part of the core repo, and will therefore have to be installed separately with pinned dependencies for e.g. ray[rllib] and other packages! See https://github.com/ray-project/ray/tree/master/rllib_contrib#rllib-contrib for more information on the RLlib contrib effort.
2023-11-27 22:19:09,436	WARNING __init__.py:10 -- DDPPO has/have been moved to `rllib_contrib` and will no longer be maintained by the RLlib team. You can still use it/them normally inside RLlib util Ray 2.8, but from Ray 2.9 on, all `rllib_contrib` algorithms will no longer be part of the core repo, and will therefore have to be installed separately with pinned dependencies for e.g. ray[rllib] and other packages! See https://github.com/ray-project/ray/tree/master/rllib_contrib#rllib-contrib for more information on the RLlib contrib effort.
2023-11-27 22:19:09,453	WARNING __init__.py:8 -- `Dreamer(V1)` has been removed from RLlib and will no longer be maintained by the RLlib team. Use `DreamerV3` instead, which is part of the RLlib library and will continue to be maintained and supported in the future. See https://github.com/ray-project/ray/tree/master/rllib/algorithms/dreamerv3 for more information on our DreamerV3 implementation.
/home/paganinik/.local/lib/python3.10/site-packages/gymnasium/utils/passive_env_checker.py:135: UserWarning: [33mWARN: The obs returned by the `reset()` method was expecting numpy array dtype to be float32, actual type: float64[0m
  logger.warn(
/home/paganinik/.local/lib/python3.10/site-packages/gymnasium/utils/passive_env_checker.py:159: UserWarning: [33mWARN: The obs returned by the `reset()` method is not within the observation space.[0m
  logger.warn(f"{pre} is not within the observation space.")
2023-11-27 22:19:09,524	WARNING __init__.py:10 -- DT has/have been moved to `rllib_contrib` and will no longer be maintained by the RLlib team. You can still use it/them normally inside RLlib util Ray 2.8, but from Ray 2.9 on, all `rllib_contrib` algorithms will no longer be part of the core repo, and will therefore have to be installed separately with pinned dependencies for e.g. ray[rllib] and other packages! See https://github.com/ray-project/ray/tree/master/rllib_contrib#rllib-contrib for more information on the RLlib contrib effort.
2023-11-27 22:19:09,589	WARNING __init__.py:10 -- AlphaStar has/have been moved to `rllib_contrib` and will no longer be maintained by the RLlib team. You can still use it/them normally inside RLlib util Ray 2.8, but from Ray 2.9 on, all `rllib_contrib` algorithms will no longer be part of the core repo, and will therefore have to be installed separately with pinned dependencies for e.g. ray[rllib] and other packages! See https://github.com/ray-project/ray/tree/master/rllib_contrib#rllib-contrib for more information on the RLlib contrib effort.
2023-11-27 22:19:09,602	WARNING __init__.py:10 -- MADDDPG has/have been moved to `rllib_contrib` and will no longer be maintained by the RLlib team. You can still use it/them normally inside RLlib util Ray 2.8, but from Ray 2.9 on, all `rllib_contrib` algorithms will no longer be part of the core repo, and will therefore have to be installed separately with pinned dependencies for e.g. ray[rllib] and other packages! See https://github.com/ray-project/ray/tree/master/rllib_contrib#rllib-contrib for more information on the RLlib contrib effort.
2023-11-27 22:19:09,610	WARNING __init__.py:10 -- MAML has/have been moved to `rllib_contrib` and will no longer be maintained by the RLlib team. You can still use it/them normally inside RLlib util Ray 2.8, but from Ray 2.9 on, all `rllib_contrib` algorithms will no longer be part of the core repo, and will therefore have to be installed separately with pinned dependencies for e.g. ray[rllib] and other packages! See https://github.com/ray-project/ray/tree/master/rllib_contrib#rllib-contrib for more information on the RLlib contrib effort.
2023-11-27 22:19:09,623	WARNING __init__.py:10 -- MBMPO has/have been moved to `rllib_contrib` and will no longer be maintained by the RLlib team. You can still use it/them normally inside RLlib util Ray 2.8, but from Ray 2.9 on, all `rllib_contrib` algorithms will no longer be part of the core repo, and will therefore have to be installed separately with pinned dependencies for e.g. ray[rllib] and other packages! See https://github.com/ray-project/ray/tree/master/rllib_contrib#rllib-contrib for more information on the RLlib contrib effort.
2023-11-27 22:19:09,639	WARNING __init__.py:10 -- QMIX has/have been moved to `rllib_contrib` and will no longer be maintained by the RLlib team. You can still use it/them normally inside RLlib util Ray 2.8, but from Ray 2.9 on, all `rllib_contrib` algorithms will no longer be part of the core repo, and will therefore have to be installed separately with pinned dependencies for e.g. ray[rllib] and other packages! See https://github.com/ray-project/ray/tree/master/rllib_contrib#rllib-contrib for more information on the RLlib contrib effort.
2023-11-27 22:19:09,652	WARNING __init__.py:10 -- R2D2 has/have been moved to `rllib_contrib` and will no longer be maintained by the RLlib team. You can still use it/them normally inside RLlib util Ray 2.8, but from Ray 2.9 on, all `rllib_contrib` algorithms will no longer be part of the core repo, and will therefore have to be installed separately with pinned dependencies for e.g. ray[rllib] and other packages! See https://github.com/ray-project/ray/tree/master/rllib_contrib#rllib-contrib for more information on the RLlib contrib effort.
2023-11-27 22:19:09,676	WARNING __init__.py:10 -- SlateQ has/have been moved to `rllib_contrib` and will no longer be maintained by the RLlib team. You can still use it/them normally inside RLlib util Ray 2.8, but from Ray 2.9 on, all `rllib_contrib` algorithms will no longer be part of the core repo, and will therefore have to be installed separately with pinned dependencies for e.g. ray[rllib] and other packages! See https://github.com/ray-project/ray/tree/master/rllib_contrib#rllib-contrib for more information on the RLlib contrib effort.
2023-11-27 22:19:09,683	WARNING __init__.py:10 -- TD3 has/have been moved to `rllib_contrib` and will no longer be maintained by the RLlib team. You can still use it/them normally inside RLlib util Ray 2.8, but from Ray 2.9 on, all `rllib_contrib` algorithms will no longer be part of the core repo, and will therefore have to be installed separately with pinned dependencies for e.g. ray[rllib] and other packages! See https://github.com/ray-project/ray/tree/master/rllib_contrib#rllib-contrib for more information on the RLlib contrib effort.
2023-11-27 22:19:09,697	WARNING __init__.py:10 -- LeelaChessZero has/have been moved to `rllib_contrib` and will no longer be maintained by the RLlib team. You can still use it/them normally inside RLlib util Ray 2.8, but from Ray 2.9 on, all `rllib_contrib` algorithms will no longer be part of the core repo, and will therefore have to be installed separately with pinned dependencies for e.g. ray[rllib] and other packages! See https://github.com/ray-project/ray/tree/master/rllib_contrib#rllib-contrib for more information on the RLlib contrib effort.
/home/paganinik/.local/lib/python3.10/site-packages/ray/rllib/algorithms/algorithm.py:484: RayDeprecationWarning: This API is deprecated and may be removed in future Ray releases. You could suppress this warning by setting env variable PYTHONWARNINGS="ignore::DeprecationWarning"
`UnifiedLogger` will be removed in Ray 2.7.
  return UnifiedLogger(config, logdir, loggers=None)
/home/paganinik/.local/lib/python3.10/site-packages/ray/tune/logger/unified.py:53: RayDeprecationWarning: This API is deprecated and may be removed in future Ray releases. You could suppress this warning by setting env variable PYTHONWARNINGS="ignore::DeprecationWarning"
The `JsonLogger interface is deprecated in favor of the `ray.tune.json.JsonLoggerCallback` interface and will be removed in Ray 2.7.
  self._loggers.append(cls(self.config, self.logdir, self.trial))
/home/paganinik/.local/lib/python3.10/site-packages/ray/tune/logger/unified.py:53: RayDeprecationWarning: This API is deprecated and may be removed in future Ray releases. You could suppress this warning by setting env variable PYTHONWARNINGS="ignore::DeprecationWarning"
The `CSVLogger interface is deprecated in favor of the `ray.tune.csv.CSVLoggerCallback` interface and will be removed in Ray 2.7.
  self._loggers.append(cls(self.config, self.logdir, self.trial))
/home/paganinik/.local/lib/python3.10/site-packages/ray/tune/logger/unified.py:53: RayDeprecationWarning: This API is deprecated and may be removed in future Ray releases. You could suppress this warning by setting env variable PYTHONWARNINGS="ignore::DeprecationWarning"
The `TBXLogger interface is deprecated in favor of the `ray.tune.tensorboardx.TBXLoggerCallback` interface and will be removed in Ray 2.7.
  self._loggers.append(cls(self.config, self.logdir, self.trial))
2023-11-27 22:19:09,723	INFO tensorboardx.py:48 -- pip install "ray[tune]" to see TensorBoard files.
2023-11-27 22:19:09,723	WARNING unified.py:56 -- Could not instantiate TBXLogger: No module named 'tensorboardX'.
[36m(pid=1504452)[0m lz4 not available, disabling sample compression. This will significantly impact RLlib performance. To install lz4, run `pip install lz4`.
[36m(pid=1504712)[0m lz4 not available, disabling sample compression. This will significantly impact RLlib performance. To install lz4, run `pip install lz4`.[32m [repeated 24x across cluster] (Ray deduplicates logs by default. Set RAY_DEDUP_LOGS=0 to disable log deduplication, or see https://docs.ray.io/en/master/ray-observability/ray-logging.html#log-deduplication for more options.)[0m
[36m(pid=1505041)[0m lz4 not available, disabling sample compression. This will significantly impact RLlib performance. To install lz4, run `pip install lz4`.[32m [repeated 11x across cluster][0m
[36m(pid=1505592)[0m lz4 not available, disabling sample compression. This will significantly impact RLlib performance. To install lz4, run `pip install lz4`.[32m [repeated 23x across cluster][0m
[36m(RolloutWorker pid=1504452)[0m 2023-11-27 22:21:58,322	WARNING __init__.py:10 -- PG has/have been moved to `rllib_contrib` and will no longer be maintained by the RLlib team. You can still use it/them normally inside RLlib util Ray 2.8, but from Ray 2.9 on, all `rllib_contrib` algorithms will no longer be part of the core repo, and will therefore have to be installed separately with pinned dependencies for e.g. ray[rllib] and other packages! See https://github.com/ray-project/ray/tree/master/rllib_contrib#rllib-contrib for more information on the RLlib contrib effort.
[36m(RolloutWorker pid=1504450)[0m 2023-11-27 22:22:00,880	WARNING env.py:162 -- Your env doesn't have a .spec.max_episode_steps attribute. Your horizon will default to infinity, and your environment will not be reset.
[36m(RolloutWorker pid=1504450)[0m 2023-11-27 22:22:01,133	WARNING deprecation.py:50 -- DeprecationWarning: `ray.rllib.models.torch.complex_input_net.ComplexInputNetwork` has been deprecated. This will raise an error in the future!
[36m(RolloutWorker pid=1504450)[0m 2023-11-27 22:22:01,134	WARNING deprecation.py:50 -- DeprecationWarning: `ray.rllib.models.torch.fcnet.FullyConnectedNetwork` has been deprecated. This will raise an error in the future!
[36m(pid=1505722)[0m lz4 not available, disabling sample compression. This will significantly impact RLlib performance. To install lz4, run `pip install lz4`.[32m [repeated 8x across cluster][0m
[36m(RolloutWorker pid=1505028)[0m 2023-11-27 22:22:05,124	WARNING __init__.py:10 -- PG has/have been moved to `rllib_contrib` and will no longer be maintained by the RLlib team. You can still use it/them normally inside RLlib util Ray 2.8, but from Ray 2.9 on, all `rllib_contrib` algorithms will no longer be part of the core repo, and will therefore have to be installed separately with pinned dependencies for e.g. ray[rllib] and other packages! See https://github.com/ray-project/ray/tree/master/rllib_contrib#rllib-contrib for more information on the RLlib contrib effort.[32m [repeated 33x across cluster][0m
2023-11-27 22:22:10,339	WARNING deprecation.py:50 -- DeprecationWarning: `ray.rllib.models.torch.complex_input_net.ComplexInputNetwork` has been deprecated. This will raise an error in the future!
2023-11-27 22:22:10,340	WARNING deprecation.py:50 -- DeprecationWarning: `ray.rllib.models.torch.fcnet.FullyConnectedNetwork` has been deprecated. This will raise an error in the future!
2023-11-27 22:22:10,515	INFO trainable.py:164 -- Trainable.setup took 180.792 seconds. If your trainable is slow to initialize, consider setting reuse_actors=True to reduce actor creation overheads.
2023-11-27 22:22:10,515	WARNING util.py:62 -- Install gputil for GPU system monitoring.
2023-11-27 22:22:36,410	WARNING deprecation.py:50 -- DeprecationWarning: `ray.rllib.execution.train_ops.multi_gpu_train_one_step` has been deprecated. This will raise an error in the future!
72
[36m(RolloutWorker pid=1504461)[0m 2
[36m(RolloutWorker pid=1505028)[0m 2[32m [repeated 33x across cluster][0m
[36m(RolloutWorker pid=1504452)[0m 3[32m [repeated 150x across cluster][0m
[36m(RolloutWorker pid=1505046)[0m 3[32m [repeated 849x across cluster][0m
[36m(RolloutWorker pid=1504450)[0m 4[32m [repeated 834x across cluster][0m
[36m(RolloutWorker pid=1504452)[0m 0[32m [repeated 834x across cluster][0m
[36m(RolloutWorker pid=1504458)[0m 5[32m [repeated 833x across cluster][0m
The agent encountered 23 episodes this iteration...
Model saved at iteration 0, steps trained: 512.0, sample results: {'episode_reward_max': 3459.2000000000035, 'episode_reward_min': 2220.2000000000003, 'episode_reward_mean': 3089.0217391304354, 'episode_len_mean': 43.91304347826087, 'episode_media': {}, 'episodes_this_iter': 23, 'policy_reward_min': {}, 'policy_reward_max': {}, 'policy_reward_mean': {}, 'custom_metrics': {}, 'hist_stats': {'episode_reward': [3137.7000000000016, 3224.199999999999, 3180.1000000000017, 3263.6999999999985, 3261.1000000000017, 3176.5000000000014, 3153.900000000002, 2957.5000000000014, 3077.9000000000015, 2220.2000000000003, 2932.8999999999987, 2851.700000000001, 3010.4000000000015, 2810.100000000001, 3355.8000000000015, 3459.2000000000035, 3229.4000000000015, 2903.0999999999967, 3137.7000000000016, 3180.1000000000017, 3232.7999999999984, 3171.6000000000013, 3119.899999999999], 'episode_lengths': [35, 48, 35, 40, 38, 40, 38, 53, 35, 52, 39, 43, 48, 47, 47, 60, 38, 61, 38, 40, 40, 58, 37]}, 'sampler_perf': {'mean_raw_obs_processing_ms': 2.867315577660286, 'mean_inference_ms': 8.359091537564927, 'mean_action_processing_ms': 0.8043472413221199, 'mean_env_wait_ms': 355.98866655421114, 'mean_env_render_ms': 0.0}, 'num_faulty_episodes': 0, 'connector_metrics': {'ObsPreprocessorConnector_ms': 0.023356727931810463, 'StateBufferConnector_ms': 0.0090796014536982, 'ViewRequirementAgentConnector_ms': 0.690460205078125}}
[36m(RolloutWorker pid=1504452)[0m 4[32m [repeated 699x across cluster][0m
[36m(RolloutWorker pid=1504452)[0m 0[32m [repeated 853x across cluster][0m
[36m(RolloutWorker pid=1505345)[0m 3[32m [repeated 853x across cluster][0m
[36m(RolloutWorker pid=1504450)[0m 0[32m [repeated 817x across cluster][0m
[36m(RolloutWorker pid=1504450)[0m 4[32m [repeated 843x across cluster][0m
The agent encountered 25 episodes this iteration...
[36m(RolloutWorker pid=1504452)[0m 0[32m [repeated 734x across cluster][0m
[36m(RolloutWorker pid=1504461)[0m 0[32m [repeated 870x across cluster][0m
[36m(RolloutWorker pid=1504457)[0m 1[32m [repeated 850x across cluster][0m
[36m(RolloutWorker pid=1504452)[0m 2[32m [repeated 847x across cluster][0m
[36m(RolloutWorker pid=1504456)[0m 0[32m [repeated 843x across cluster][0m
The agent encountered 57 episodes this iteration...
[36m(RolloutWorker pid=1504452)[0m 6[32m [repeated 687x across cluster][0m
[36m(RolloutWorker pid=1504452)[0m 1[32m [repeated 865x across cluster][0m
[36m(RolloutWorker pid=1504452)[0m 3[32m [repeated 835x across cluster][0m
[36m(RolloutWorker pid=1504464)[0m 0[32m [repeated 829x across cluster][0m
[36m(RolloutWorker pid=1504450)[0m 1[32m [repeated 847x across cluster][0m
The agent encountered 46 episodes this iteration...
[36m(RolloutWorker pid=1504452)[0m 4[32m [repeated 721x across cluster][0m
[36m(RolloutWorker pid=1504450)[0m 6[32m [repeated 846x across cluster][0m
[36m(RolloutWorker pid=1504452)[0m 3[32m [repeated 831x across cluster][0m
[36m(RolloutWorker pid=1504452)[0m 6[32m [repeated 837x across cluster][0m
[36m(RolloutWorker pid=1504456)[0m 1[32m [repeated 827x across cluster][0m
The agent encountered 64 episodes this iteration...
[36m(RolloutWorker pid=1504452)[0m 4[32m [repeated 755x across cluster][0m
[36m(RolloutWorker pid=1504458)[0m 3[32m [repeated 852x across cluster][0m
[36m(RolloutWorker pid=1504452)[0m 1[32m [repeated 850x across cluster][0m
[36m(RolloutWorker pid=1504456)[0m 0[32m [repeated 841x across cluster][0m
[36m(RolloutWorker pid=1504709)[0m 0[32m [repeated 844x across cluster][0m
The agent encountered 63 episodes this iteration...
Model saved at iteration 5, steps trained: 512.0, sample results: {'episode_reward_max': 301514.3000000007, 'episode_reward_min': 2726.5999999999985, 'episode_reward_mean': 24626.989000000005, 'episode_len_mean': 76.35, 'episode_media': {}, 'episodes_this_iter': 63, 'policy_reward_min': {}, 'policy_reward_max': {}, 'policy_reward_mean': {}, 'custom_metrics': {}, 'hist_stats': {'episode_reward': [32344.70000000004, 34441.0, 37040.59999999997, 3409.100000000002, 25155.200000000015, 24170.69999999998, 33228.799999999996, 3151.3000000000015, 36561.60000000003, 36522.200000000026, 3025.3000000000015, 32768.600000000035, 37014.29999999998, 33760.69999999999, 3180.1000000000017, 22975.500000000004, 36243.400000000016, 3108.0000000000014, 3180.1000000000017, 3151.3000000000015, 3094.899999999999, 33936.3, 3176.5000000000014, 32582.19999999999, 41066.39999999996, 3107.1000000000013, 3064.1000000000013, 3151.3000000000015, 25271.600000000035, 35783.4, 23352.300000000003, 98658.49999999999, 3088.000000000002, 3107.1000000000013, 21801.4, 23053.8, 3112.3000000000015, 33026.00000000001, 21643.499999999978, 33160.5, 33162.599999999984, 34495.299999999996, 33552.70000000001, 2995.2, 21935.40000000001, 32664.800000000017, 3096.8000000000015, 24430.599999999984, 38125.79999999997, 26544.99999999996, 2869.200000000001, 108920.09999999989, 3180.1000000000017, 35334.39999999998, 3180.1000000000017, 31382.39999999999, 23041.700000000015, 23650.600000000006, 22474.40000000001, 32756.999999999964, 34840.49999999996, 33121.39999999998, 38274.6, 33408.00000000004, 3108.0000000000014, 2726.5999999999985, 25009.50000000002, 24779.199999999997, 3180.1000000000017, 32336.09999999998, 3021.000000000002, 3203.5999999999985, 3108.0000000000014, 28844.099999999973, 3108.0000000000014, 3194.2000000000016, 2854.0999999999995, 31870.800000000032, 3211.6000000000017, 301514.3000000007, 2981.700000000001, 3305.0999999999985, 2760.3000000000015, 3236.9000000000015, 20903.599999999995, 32417.900000000012, 3318.999999999998, 32208.399999999987, 32976.100000000006, 31996.19999999998, 3066.5000000000014, 3135.4000000000015, 3141.0, 35827.100000000035, 22663.500000000004, 32032.799999999977, 32276.900000000005, 32388.59999999998, 3121.8999999999996, 83762.40000000013], 'episode_lengths': [87, 99, 108, 44, 87, 84, 100, 38, 147, 105, 40, 91, 114, 100, 34, 79, 104, 34, 35, 38, 39, 99, 34, 88, 118, 34, 41, 38, 87, 104, 82, 169, 35, 34, 88, 77, 37, 95, 77, 93, 91, 95, 90, 41, 83, 89, 36, 85, 109, 100, 39, 183, 35, 105, 36, 93, 82, 83, 84, 94, 97, 91, 108, 91, 34, 48, 91, 91, 34, 88, 39, 38, 34, 103, 34, 37, 35, 87, 36, 323, 39, 41, 40, 40, 72, 88, 46, 93, 90, 87, 41, 36, 34, 94, 77, 90, 87, 93, 42, 176]}, 'sampler_perf': {'mean_raw_obs_processing_ms': 2.459423372600367, 'mean_inference_ms': 8.109258962421029, 'mean_action_processing_ms': 0.7190224709648567, 'mean_env_wait_ms': 349.9321267719703, 'mean_env_render_ms': 0.0}, 'num_faulty_episodes': 0, 'connector_metrics': {'ObsPreprocessorConnector_ms': 0.06899380683898926, 'StateBufferConnector_ms': 0.01743912696838379, 'ViewRequirementAgentConnector_ms': 0.8211522102355957}}
[36m(RolloutWorker pid=1504452)[0m 3[32m [repeated 712x across cluster][0m
[36m(RolloutWorker pid=1504452)[0m 3[32m [repeated 852x across cluster][0m
[36m(RolloutWorker pid=1504461)[0m 3[32m [repeated 844x across cluster][0m
[36m(RolloutWorker pid=1504451)[0m 4[32m [repeated 835x across cluster][0m
[36m(RolloutWorker pid=1504450)[0m 0[32m [repeated 829x across cluster][0m
The agent encountered 55 episodes this iteration...
[36m(RolloutWorker pid=1504452)[0m 3[32m [repeated 738x across cluster][0m
[36m(RolloutWorker pid=1504461)[0m 2[32m [repeated 853x across cluster][0m
[36m(RolloutWorker pid=1504461)[0m 6[32m [repeated 836x across cluster][0m
[36m(RolloutWorker pid=1504707)[0m 4[32m [repeated 848x across cluster][0m
[36m(RolloutWorker pid=1504459)[0m 3[32m [repeated 821x across cluster][0m
The agent encountered 59 episodes this iteration...
[36m(RolloutWorker pid=1504452)[0m 3[32m [repeated 738x across cluster][0m
[36m(RolloutWorker pid=1504457)[0m 0[32m [repeated 852x across cluster][0m
[36m(RolloutWorker pid=1504452)[0m 0[32m [repeated 841x across cluster][0m
[36m(RolloutWorker pid=1504452)[0m 6[32m [repeated 835x across cluster][0m
[36m(RolloutWorker pid=1504451)[0m 3[32m [repeated 832x across cluster][0m
The agent encountered 53 episodes this iteration...
[36m(RolloutWorker pid=1504452)[0m 0[32m [repeated 737x across cluster][0m
[36m(RolloutWorker pid=1504450)[0m 1[32m [repeated 852x across cluster][0m
[36m(RolloutWorker pid=1504456)[0m 6[32m [repeated 836x across cluster][0m
[36m(RolloutWorker pid=1504452)[0m 4[32m [repeated 827x across cluster][0m
[36m(RolloutWorker pid=1505028)[0m 0[32m [repeated 844x across cluster][0m
[36m(RolloutWorker pid=1505050)[0m 4[32m [repeated 738x across cluster][0m
The agent encountered 63 episodes this iteration...
[36m(RolloutWorker pid=1504452)[0m 0
[36m(RolloutWorker pid=1504450)[0m 3
[36m(RolloutWorker pid=1505026)[0m 3[32m [repeated 840x across cluster][0m
[36m(RolloutWorker pid=1504450)[0m 0[32m [repeated 822x across cluster][0m
[36m(RolloutWorker pid=1504452)[0m 1[32m [repeated 839x across cluster][0m
[36m(RolloutWorker pid=1505392)[0m 6[32m [repeated 840x across cluster][0m
The agent encountered 58 episodes this iteration...
Model saved at iteration 10, steps trained: 512.0, sample results: {'episode_reward_max': 66421.3, 'episode_reward_min': 2878.300000000001, 'episode_reward_mean': 20298.5, 'episode_len_mean': 69.97, 'episode_media': {}, 'episodes_this_iter': 58, 'policy_reward_min': {}, 'policy_reward_max': {}, 'policy_reward_mean': {}, 'custom_metrics': {}, 'hist_stats': {'episode_reward': [22761.099999999984, 3160.1000000000017, 3180.1000000000017, 20855.299999999992, 66421.3, 34642.299999999996, 33320.999999999985, 3108.0000000000014, 22107.800000000007, 31077.99999999998, 20949.799999999985, 3064.1000000000013, 21111.80000000001, 3108.0000000000014, 35180.99999999999, 3108.0000000000014, 23492.200000000004, 3180.1000000000017, 23791.699999999968, 37444.89999999995, 3108.0000000000014, 31241.599999999977, 21048.00000000001, 22544.600000000006, 3210.2000000000016, 3108.0000000000014, 3180.1000000000017, 34310.69999999998, 29935.10000000004, 37195.60000000002, 3118.5000000000014, 33802.89999999999, 34166.899999999994, 20929.799999999985, 33467.79999999999, 35728.59999999999, 24223.600000000017, 3161.7000000000016, 32340.300000000007, 32160.100000000024, 3122.1000000000013, 37167.40000000004, 21433.79999999998, 36195.5, 3122.1000000000013, 3108.0000000000014, 32729.89999999999, 22541.300000000017, 33037.59999999998, 32682.700000000044, 3280.200000000002, 3108.0000000000014, 21431.69999999998, 20902.50000000001, 33089.500000000015, 32504.000000000036, 32575.499999999967, 2878.300000000001, 32351.200000000033, 3151.3000000000015, 21196.3, 3180.1000000000017, 32782.89999999998, 34664.4, 3108.0000000000014, 30591.299999999977, 22828.499999999996, 3108.0000000000014, 3180.1000000000017, 42974.000000000044, 3066.5000000000014, 33678.59999999999, 22584.100000000024, 22950.600000000006, 33185.79999999998, 31186.100000000013, 3180.1000000000017, 3180.1000000000017, 31610.40000000004, 34825.40000000002, 22390.099999999995, 33353.500000000015, 3119.0000000000014, 3180.1000000000017, 3108.0000000000014, 22946.09999999997, 3108.0000000000014, 33614.49999999998, 32727.499999999978, 3108.0000000000014, 3108.0000000000014, 21725.699999999986, 23021.6, 32110.80000000002, 33697.0, 3180.1000000000017, 35557.100000000006, 3166.4000000000005, 3161.7000000000016, 25944.200000000008], 'episode_lengths': [81, 37, 34, 71, 136, 103, 90, 34, 78, 91, 69, 41, 71, 34, 97, 34, 88, 34, 85, 102, 34, 85, 70, 78, 38, 34, 34, 94, 82, 103, 39, 99, 105, 72, 92, 96, 86, 39, 88, 86, 39, 107, 76, 103, 39, 34, 87, 76, 95, 88, 37, 34, 71, 75, 100, 90, 92, 43, 92, 38, 76, 34, 91, 110, 34, 89, 78, 34, 34, 122, 41, 98, 78, 77, 89, 86, 34, 34, 89, 99, 79, 95, 38, 34, 34, 82, 34, 96, 91, 34, 34, 74, 77, 96, 94, 34, 100, 35, 39, 90]}, 'sampler_perf': {'mean_raw_obs_processing_ms': 2.501198671663492, 'mean_inference_ms': 8.038585909767734, 'mean_action_processing_ms': 0.7273754844685867, 'mean_env_wait_ms': 348.6337231786662, 'mean_env_render_ms': 0.0}, 'num_faulty_episodes': 0, 'connector_metrics': {'ObsPreprocessorConnector_ms': 0.10587739944458008, 'StateBufferConnector_ms': 0.04400444030761719, 'ViewRequirementAgentConnector_ms': 0.8054814338684082}}
[36m(RolloutWorker pid=1504452)[0m 5[32m [repeated 758x across cluster][0m
[36m(RolloutWorker pid=1504452)[0m 1[32m [repeated 858x across cluster][0m
[36m(RolloutWorker pid=1504452)[0m 0[32m [repeated 850x across cluster][0m
[36m(RolloutWorker pid=1504458)[0m 4[32m [repeated 840x across cluster][0m
[36m(RolloutWorker pid=1504452)[0m 2[32m [repeated 832x across cluster][0m
The agent encountered 66 episodes this iteration...
[36m(RolloutWorker pid=1504452)[0m 1[32m [repeated 717x across cluster][0m
[36m(RolloutWorker pid=1504457)[0m 1[32m [repeated 859x across cluster][0m
[36m(RolloutWorker pid=1504452)[0m 1[32m [repeated 830x across cluster][0m
[36m(RolloutWorker pid=1504456)[0m 1[32m [repeated 841x across cluster][0m
[36m(RolloutWorker pid=1504451)[0m 0[32m [repeated 825x across cluster][0m
The agent encountered 56 episodes this iteration...
[36m(RolloutWorker pid=1504452)[0m 2[32m [repeated 744x across cluster][0m
[36m(RolloutWorker pid=1504452)[0m 0[32m [repeated 866x across cluster][0m
[36m(RolloutWorker pid=1504452)[0m 0[32m [repeated 842x across cluster][0m
[36m(RolloutWorker pid=1504451)[0m 1[32m [repeated 835x across cluster][0m
[36m(RolloutWorker pid=1504464)[0m 4[32m [repeated 830x across cluster][0m
The agent encountered 68 episodes this iteration...
[36m(RolloutWorker pid=1504452)[0m 1[32m [repeated 723x across cluster][0m
[36m(RolloutWorker pid=1504450)[0m 0[32m [repeated 847x across cluster][0m
[36m(RolloutWorker pid=1504452)[0m 4[32m [repeated 836x across cluster][0m
[36m(RolloutWorker pid=1504452)[0m 1[32m [repeated 829x across cluster][0m
[36m(RolloutWorker pid=1504458)[0m 0[32m [repeated 837x across cluster][0m
[36m(RolloutWorker pid=1505048)[0m 0[32m [repeated 747x across cluster][0m
The agent encountered 60 episodes this iteration...
[36m(RolloutWorker pid=1504452)[0m 6
[36m(RolloutWorker pid=1504450)[0m 6
[36m(RolloutWorker pid=1504452)[0m 1[32m [repeated 857x across cluster][0m
[36m(RolloutWorker pid=1504464)[0m 2[32m [repeated 850x across cluster][0m
[36m(RolloutWorker pid=1504703)[0m 0[32m [repeated 826x across cluster][0m
[36m(RolloutWorker pid=1504464)[0m 4[32m [repeated 824x across cluster][0m
[36m(RolloutWorker pid=1505040)[0m 0[32m [repeated 738x across cluster][0m
The agent encountered 64 episodes this iteration...
Model saved at iteration 15, steps trained: 512.0, sample results: {'episode_reward_max': 114724.19999999985, 'episode_reward_min': 2992.100000000001, 'episode_reward_mean': 17625.852, 'episode_len_mean': 63.29, 'episode_media': {}, 'episodes_this_iter': 64, 'policy_reward_min': {}, 'policy_reward_max': {}, 'policy_reward_mean': {}, 'custom_metrics': {}, 'hist_stats': {'episode_reward': [21918.200000000008, 32983.9, 21536.199999999983, 33159.100000000035, 3108.0000000000014, 31873.700000000008, 34467.0, 114724.19999999985, 32255.900000000034, 32043.799999999977, 3180.1000000000017, 31647.000000000004, 3133.0000000000014, 3183.2999999999984, 3088.8999999999987, 3180.1000000000017, 3180.1000000000017, 3215.0999999999985, 33159.600000000006, 31981.90000000001, 30803.399999999998, 3180.1000000000017, 22697.99999999998, 3183.2999999999984, 3142.799999999999, 22026.39999999998, 33971.399999999994, 35106.69999999999, 34869.7, 3359.699999999998, 3108.0000000000014, 3108.0000000000014, 3108.0000000000014, 31338.499999999964, 3180.1000000000017, 21809.000000000007, 3183.2999999999984, 3180.1000000000017, 3180.1000000000017, 31014.899999999983, 31794.699999999986, 3120.599999999999, 33321.00000000004, 22466.600000000017, 3194.2000000000016, 3108.0000000000014, 35469.2, 22408.000000000007, 31149.90000000001, 3108.0000000000014, 3108.0000000000014, 32620.59999999997, 3123.4999999999986, 35095.19999999999, 3123.4999999999986, 3183.2999999999984, 3217.9999999999986, 3108.0000000000014, 31123.199999999986, 3122.1000000000013, 3180.1000000000017, 22621.1, 33342.00000000002, 3180.1000000000017, 3194.2000000000016, 3142.799999999999, 32624.599999999977, 21995.199999999975, 33974.29999999999, 3183.2999999999984, 2992.100000000001, 3108.0000000000014, 22763.600000000006, 3222.8000000000015, 3160.1000000000017, 32761.600000000013, 3122.1000000000013, 32523.800000000036, 3199.400000000002, 3194.2000000000016, 3157.4999999999986, 33167.29999999999, 3183.2999999999984, 3108.0000000000014, 32706.000000000004, 32176.29999999999, 22413.799999999985, 33264.79999999998, 3108.0000000000014, 3180.1000000000017, 35198.300000000025, 33312.89999999996, 23121.90000000001, 38116.49999999997, 3140.999999999999, 31718.499999999975, 32323.400000000045, 3108.0000000000014, 3122.1000000000013, 33935.899999999994], 'episode_lengths': [75, 98, 73, 90, 34, 86, 95, 161, 96, 86, 34, 88, 39, 37, 42, 34, 34, 37, 103, 90, 84, 34, 80, 37, 37, 76, 100, 105, 101, 44, 34, 34, 34, 85, 34, 74, 37, 34, 34, 84, 87, 38, 95, 77, 37, 34, 96, 81, 86, 34, 34, 93, 37, 92, 37, 37, 41, 34, 84, 39, 34, 77, 96, 34, 37, 37, 90, 78, 97, 37, 43, 34, 78, 39, 37, 90, 39, 89, 37, 37, 40, 93, 37, 34, 97, 90, 74, 97, 34, 34, 102, 93, 82, 96, 35, 85, 89, 34, 39, 97]}, 'sampler_perf': {'mean_raw_obs_processing_ms': 2.549221978257457, 'mean_inference_ms': 8.050758089932788, 'mean_action_processing_ms': 0.7280879853777273, 'mean_env_wait_ms': 349.8628444648703, 'mean_env_render_ms': 0.0}, 'num_faulty_episodes': 0, 'connector_metrics': {'ObsPreprocessorConnector_ms': 0.06436991691589355, 'StateBufferConnector_ms': 0.05640435218811035, 'ViewRequirementAgentConnector_ms': 0.726752758026123}}
[36m(RolloutWorker pid=1504452)[0m 0
[36m(RolloutWorker pid=1504450)[0m 3
[36m(RolloutWorker pid=1504456)[0m 3[32m [repeated 839x across cluster][0m
[36m(RolloutWorker pid=1504451)[0m 1[32m [repeated 831x across cluster][0m
[36m(RolloutWorker pid=1504451)[0m 1[32m [repeated 835x across cluster][0m
[36m(RolloutWorker pid=1504452)[0m 2[32m [repeated 833x across cluster][0m
The agent encountered 59 episodes this iteration...
[36m(RolloutWorker pid=1504452)[0m 0[32m [repeated 757x across cluster][0m
[36m(RolloutWorker pid=1504450)[0m 0[32m [repeated 862x across cluster][0m
[36m(RolloutWorker pid=1504461)[0m 0[32m [repeated 835x across cluster][0m
[36m(RolloutWorker pid=1504457)[0m 4[32m [repeated 833x across cluster][0m
[36m(RolloutWorker pid=1504704)[0m 0[32m [repeated 842x across cluster][0m
The agent encountered 55 episodes this iteration...
[36m(RolloutWorker pid=1504452)[0m 1[32m [repeated 725x across cluster][0m
[36m(RolloutWorker pid=1504451)[0m 0[32m [repeated 865x across cluster][0m
[36m(RolloutWorker pid=1504452)[0m 3[32m [repeated 836x across cluster][0m
[36m(RolloutWorker pid=1504464)[0m 3[32m [repeated 842x across cluster][0m
[36m(RolloutWorker pid=1504458)[0m 6[32m [repeated 830x across cluster][0m
The agent encountered 56 episodes this iteration...
[36m(RolloutWorker pid=1504452)[0m 4[32m [repeated 724x across cluster][0m
[36m(RolloutWorker pid=1504450)[0m 0[32m [repeated 857x across cluster][0m
[36m(RolloutWorker pid=1504464)[0m 3[32m [repeated 845x across cluster][0m
[36m(RolloutWorker pid=1504458)[0m 4[32m [repeated 841x across cluster][0m
[36m(RolloutWorker pid=1504457)[0m 1[32m [repeated 827x across cluster][0m
[36m(RolloutWorker pid=1505412)[0m 0[32m [repeated 725x across cluster][0m
The agent encountered 68 episodes this iteration...
[36m(RolloutWorker pid=1504452)[0m 0
[36m(RolloutWorker pid=1504450)[0m 2
[36m(RolloutWorker pid=1504452)[0m 2[32m [repeated 858x across cluster][0m
[36m(RolloutWorker pid=1504458)[0m 1[32m [repeated 832x across cluster][0m
[36m(RolloutWorker pid=1504704)[0m 0[32m [repeated 841x across cluster][0m
[36m(RolloutWorker pid=1504450)[0m 0[32m [repeated 821x across cluster][0m
[36m(RolloutWorker pid=1505041)[0m 1[32m [repeated 736x across cluster][0m
The agent encountered 58 episodes this iteration...
Model saved at iteration 20, steps trained: 512.0, sample results: {'episode_reward_max': 67228.90000000004, 'episode_reward_min': 3066.5000000000014, 'episode_reward_mean': 18912.795000000002, 'episode_len_mean': 65.93, 'episode_media': {}, 'episodes_this_iter': 58, 'policy_reward_min': {}, 'policy_reward_max': {}, 'policy_reward_mean': {}, 'custom_metrics': {}, 'hist_stats': {'episode_reward': [34187.30000000004, 3108.0000000000014, 32797.8, 31516.500000000025, 32965.69999999998, 32317.7, 34125.19999999999, 3108.0000000000014, 3187.5999999999985, 37541.600000000035, 3160.1000000000017, 23001.699999999968, 31923.40000000002, 3180.1000000000017, 3108.0000000000014, 3194.2000000000016, 3121.3000000000015, 3066.5000000000014, 31460.500000000036, 3195.6000000000017, 3100.0999999999985, 33947.30000000001, 32046.299999999977, 33134.10000000004, 32279.900000000034, 34553.20000000003, 3180.1000000000017, 32717.499999999985, 32279.299999999977, 3180.1000000000017, 3140.999999999999, 3124.1000000000013, 34088.00000000004, 3124.8999999999987, 3203.5999999999985, 3108.0000000000014, 3108.0000000000014, 33322.19999999996, 3108.0000000000014, 3160.1000000000017, 32835.699999999975, 22065.699999999993, 32123.900000000023, 3180.1000000000017, 3108.0000000000014, 32412.69999999998, 3123.4999999999986, 21336.00000000001, 20535.70000000002, 31644.20000000001, 33305.3, 22106.20000000001, 21304.10000000001, 3140.999999999999, 3180.1000000000017, 21827.900000000016, 32642.09999999998, 3180.1000000000017, 3108.0000000000014, 32582.000000000004, 34576.70000000003, 33772.099999999984, 3180.1000000000017, 32298.20000000002, 22536.600000000006, 3139.499999999999, 33403.99999999998, 30954.99999999997, 30699.800000000014, 3180.1000000000017, 3108.0000000000014, 3180.1000000000017, 23559.000000000015, 3160.1000000000017, 3120.599999999999, 67228.90000000004, 3088.5000000000014, 3141.899999999999, 20535.70000000002, 30810.400000000012, 32497.300000000017, 32038.399999999983, 32766.299999999985, 31581.399999999983, 31651.399999999976, 3140.999999999999, 32993.79999999997, 21994.199999999997, 33224.60000000002, 3140.999999999999, 34190.299999999974, 3108.0000000000014, 3180.1000000000017, 33434.999999999956, 3180.1000000000017, 31696.899999999965, 33370.10000000001, 3151.3000000000015, 3180.1000000000017, 34167.999999999956], 'episode_lengths': [93, 34, 96, 85, 91, 90, 94, 34, 38, 101, 37, 82, 88, 34, 34, 37, 40, 41, 87, 38, 39, 93, 91, 90, 88, 103, 34, 90, 92, 34, 35, 41, 96, 38, 38, 34, 34, 93, 34, 37, 89, 78, 91, 34, 34, 98, 37, 74, 69, 90, 90, 75, 75, 35, 36, 75, 90, 34, 34, 90, 104, 94, 34, 92, 76, 39, 95, 84, 88, 34, 34, 34, 80, 37, 38, 127, 38, 36, 69, 83, 95, 92, 93, 87, 86, 35, 90, 82, 96, 35, 95, 34, 34, 104, 34, 86, 93, 38, 34, 98]}, 'sampler_perf': {'mean_raw_obs_processing_ms': 2.5477337268566664, 'mean_inference_ms': 7.985242817986364, 'mean_action_processing_ms': 0.7271013422630144, 'mean_env_wait_ms': 347.92824752333087, 'mean_env_render_ms': 0.0}, 'num_faulty_episodes': 0, 'connector_metrics': {'ObsPreprocessorConnector_ms': 0.07369256019592285, 'StateBufferConnector_ms': 0.01072239875793457, 'ViewRequirementAgentConnector_ms': 0.9013874530792236}}
[36m(RolloutWorker pid=1504452)[0m 0[32m [repeated 9x across cluster][0m
[36m(RolloutWorker pid=1504450)[0m 2[32m [repeated 859x across cluster][0m
[36m(RolloutWorker pid=1504450)[0m 2[32m [repeated 844x across cluster][0m
[36m(RolloutWorker pid=1504452)[0m 0[32m [repeated 836x across cluster][0m
[36m(RolloutWorker pid=1504451)[0m 3[32m [repeated 837x across cluster][0m
The agent encountered 61 episodes this iteration...
[36m(RolloutWorker pid=1504452)[0m 0[32m [repeated 723x across cluster][0m
[36m(RolloutWorker pid=1504450)[0m 0[32m [repeated 848x across cluster][0m
[36m(RolloutWorker pid=1504450)[0m 3[32m [repeated 840x across cluster][0m
[36m(RolloutWorker pid=1504451)[0m 0[32m [repeated 821x across cluster][0m
[36m(RolloutWorker pid=1504450)[0m 2[32m [repeated 842x across cluster][0m
The agent encountered 64 episodes this iteration...
[36m(RolloutWorker pid=1504452)[0m 6[32m [repeated 746x across cluster][0m
[36m(RolloutWorker pid=1504452)[0m 3[32m [repeated 866x across cluster][0m
[36m(RolloutWorker pid=1504456)[0m 6[32m [repeated 842x across cluster][0m
[36m(RolloutWorker pid=1504456)[0m 3[32m [repeated 836x across cluster][0m
[36m(RolloutWorker pid=1504451)[0m 0[32m [repeated 813x across cluster][0m
[36m(RolloutWorker pid=1504710)[0m 2[32m [repeated 737x across cluster][0m
The agent encountered 53 episodes this iteration...
[36m(RolloutWorker pid=1504452)[0m 3[32m [repeated 3x across cluster][0m
[36m(RolloutWorker pid=1504452)[0m 3[32m [repeated 855x across cluster][0m
[36m(RolloutWorker pid=1504452)[0m 2[32m [repeated 838x across cluster][0m
[36m(RolloutWorker pid=1504457)[0m 0[32m [repeated 831x across cluster][0m
[36m(RolloutWorker pid=1504450)[0m 3[32m [repeated 810x across cluster][0m
[36m(RolloutWorker pid=1504716)[0m 3[32m [repeated 760x across cluster][0m
The agent encountered 64 episodes this iteration...
[36m(RolloutWorker pid=1504452)[0m 2[32m [repeated 3x across cluster][0m
[36m(RolloutWorker pid=1504451)[0m 3[32m [repeated 851x across cluster][0m
[36m(RolloutWorker pid=1504456)[0m 0[32m [repeated 814x across cluster][0m
[36m(RolloutWorker pid=1504456)[0m 0[32m [repeated 823x across cluster][0m
[36m(RolloutWorker pid=1504452)[0m 3[32m [repeated 814x across cluster][0m
[36m(RolloutWorker pid=1505040)[0m 0[32m [repeated 789x across cluster][0m
The agent encountered 63 episodes this iteration...
Model saved at iteration 25, steps trained: 512.0, sample results: {'episode_reward_max': 47550.69999999998, 'episode_reward_min': 3108.0000000000014, 'episode_reward_mean': 20333.502999999997, 'episode_len_mean': 68.09, 'episode_media': {}, 'episodes_this_iter': 63, 'policy_reward_min': {}, 'policy_reward_max': {}, 'policy_reward_mean': {}, 'custom_metrics': {}, 'hist_stats': {'episode_reward': [3108.0000000000014, 3180.1000000000017, 3180.1000000000017, 32566.59999999998, 3108.0000000000014, 3140.999999999999, 3180.1000000000017, 34175.7, 30782.599999999988, 32934.9, 36756.69999999998, 32095.400000000005, 36212.29999999995, 33697.19999999996, 3180.1000000000017, 3108.0000000000014, 3122.1000000000013, 32017.100000000042, 33178.90000000004, 3180.1000000000017, 20954.70000000002, 31767.599999999977, 22448.000000000025, 31508.99999999999, 34052.8, 47550.69999999998, 3203.5999999999985, 34377.19999999996, 3180.1000000000017, 3180.1000000000017, 21501.000000000007, 21315.60000000001, 31663.09999999998, 3140.999999999999, 22434.6, 22117.600000000006, 3203.5999999999985, 33273.19999999996, 31646.80000000001, 22121.899999999998, 3122.1000000000013, 32205.900000000027, 31544.299999999992, 32919.8, 3203.5999999999985, 33109.69999999998, 33099.70000000003, 32947.100000000006, 22578.299999999985, 33339.60000000003, 3133.0000000000014, 33047.3, 30987.200000000004, 22593.69999999998, 21078.09999999998, 3180.1000000000017, 31947.899999999972, 3141.899999999999, 33196.29999999999, 3119.899999999999, 21496.90000000001, 3108.0000000000014, 3108.0000000000014, 23060.900000000012, 3180.1000000000017, 3183.2999999999984, 3140.999999999999, 31959.899999999972, 3180.1000000000017, 3180.1000000000017, 33383.89999999997, 32047.600000000013, 33589.29999999999, 3141.899999999999, 36071.79999999996, 32524.400000000023, 21878.000000000007, 32722.69999999998, 3180.1000000000017, 32943.99999999998, 30744.80000000002, 3140.999999999999, 22584.50000000001, 31411.500000000022, 21374.399999999983, 3108.0000000000014, 3180.1000000000017, 31643.60000000002, 32295.499999999964, 32499.199999999975, 3180.1000000000017, 34030.49999999999, 39561.99999999997, 23005.399999999998, 3180.1000000000017, 31896.700000000033, 33884.30000000001, 32215.799999999977, 3180.1000000000017, 3108.0000000000014], 'episode_lengths': [34, 34, 34, 88, 34, 35, 34, 98, 82, 94, 102, 96, 96, 94, 34, 34, 39, 87, 89, 35, 74, 86, 79, 86, 95, 113, 38, 98, 34, 34, 73, 75, 87, 35, 75, 83, 38, 93, 89, 73, 39, 87, 86, 91, 38, 90, 96, 95, 78, 92, 39, 90, 83, 77, 73, 34, 87, 36, 89, 37, 73, 34, 34, 79, 34, 37, 35, 86, 34, 34, 92, 89, 90, 36, 94, 88, 78, 92, 34, 92, 83, 35, 77, 85, 77, 34, 34, 87, 90, 101, 34, 93, 100, 77, 34, 85, 94, 88, 34, 34]}, 'sampler_perf': {'mean_raw_obs_processing_ms': 2.5594602207499224, 'mean_inference_ms': 8.012368365990511, 'mean_action_processing_ms': 0.7280136863137184, 'mean_env_wait_ms': 349.8800003191272, 'mean_env_render_ms': 0.0}, 'num_faulty_episodes': 0, 'connector_metrics': {'ObsPreprocessorConnector_ms': 0.04084372520446777, 'StateBufferConnector_ms': 0.08547401428222656, 'ViewRequirementAgentConnector_ms': 0.7087264060974121}}
[36m(RolloutWorker pid=1504452)[0m 1[32m [repeated 6x across cluster][0m
[36m(RolloutWorker pid=1504460)[0m 3[32m [repeated 842x across cluster][0m
[36m(RolloutWorker pid=1504464)[0m 0[32m [repeated 808x across cluster][0m
[36m(RolloutWorker pid=1504452)[0m 0[32m [repeated 830x across cluster][0m
[36m(RolloutWorker pid=1504452)[0m 1[32m [repeated 809x across cluster][0m
[36m(RolloutWorker pid=1504705)[0m 3[32m [repeated 799x across cluster][0m
The agent encountered 67 episodes this iteration...
[36m(RolloutWorker pid=1504451)[0m 3[32m [repeated 10x across cluster][0m
[36m(RolloutWorker pid=1504450)[0m 3[32m [repeated 839x across cluster][0m
[36m(RolloutWorker pid=1504456)[0m 2[32m [repeated 826x across cluster][0m
[36m(RolloutWorker pid=1504458)[0m 0[32m [repeated 806x across cluster][0m
[36m(RolloutWorker pid=1504461)[0m 3[32m [repeated 808x across cluster][0m
[36m(RolloutWorker pid=1504452)[0m 3[32m [repeated 791x across cluster][0m
The agent encountered 71 episodes this iteration...
[36m(RolloutWorker pid=1504452)[0m 6[32m [repeated 31x across cluster][0m
[36m(RolloutWorker pid=1504450)[0m 3[32m [repeated 844x across cluster][0m
[36m(RolloutWorker pid=1504452)[0m 3[32m [repeated 816x across cluster][0m
[36m(RolloutWorker pid=1504452)[0m 0[32m [repeated 826x across cluster][0m
[36m(RolloutWorker pid=1505051)[0m 3[32m [repeated 826x across cluster][0m
[36m(RolloutWorker pid=1504459)[0m 0[32m [repeated 766x across cluster][0m
The agent encountered 63 episodes this iteration...
[36m(RolloutWorker pid=1504452)[0m 4[32m [repeated 18x across cluster][0m
[36m(RolloutWorker pid=1505381)[0m 3[32m [repeated 864x across cluster][0m
[36m(RolloutWorker pid=1504450)[0m 0[32m [repeated 809x across cluster][0m
[36m(RolloutWorker pid=1504452)[0m 3[32m [repeated 832x across cluster][0m
[36m(RolloutWorker pid=1504450)[0m 2[32m [repeated 824x across cluster][0m
The agent encountered 70 episodes this iteration...
[36m(RolloutWorker pid=1504452)[0m 3[32m [repeated 768x across cluster][0m
[36m(RolloutWorker pid=1504451)[0m 3[32m [repeated 841x across cluster][0m
[36m(RolloutWorker pid=1504451)[0m 0[32m [repeated 842x across cluster][0m
[36m(RolloutWorker pid=1504452)[0m 3[32m [repeated 834x across cluster][0m
[36m(RolloutWorker pid=1505428)[0m 0[32m [repeated 822x across cluster][0m
[36m(RolloutWorker pid=1504460)[0m 0[32m [repeated 731x across cluster][0m
The agent encountered 63 episodes this iteration...
Model saved at iteration 30, steps trained: 512.0, sample results: {'episode_reward_max': 35072.399999999994, 'episode_reward_min': 3108.0000000000014, 'episode_reward_mean': 15735.142999999998, 'episode_len_mean': 59.53, 'episode_media': {}, 'episodes_this_iter': 63, 'policy_reward_min': {}, 'policy_reward_max': {}, 'policy_reward_mean': {}, 'custom_metrics': {}, 'hist_stats': {'episode_reward': [33655.2, 32645.799999999967, 3180.1000000000017, 3140.999999999999, 22823.400000000012, 3141.899999999999, 33063.600000000006, 3180.1000000000017, 34377.799999999974, 3180.1000000000017, 33005.09999999998, 3180.1000000000017, 3180.1000000000017, 22097.0, 3180.1000000000017, 33071.70000000004, 3180.1000000000017, 3180.1000000000017, 3180.1000000000017, 3108.0000000000014, 3108.0000000000014, 3180.1000000000017, 3180.1000000000017, 3140.999999999999, 34045.50000000003, 3180.1000000000017, 21154.40000000001, 3108.0000000000014, 3141.899999999999, 3180.1000000000017, 3141.899999999999, 3108.0000000000014, 33634.29999999999, 3108.0000000000014, 21778.199999999975, 23960.400000000012, 21649.80000000001, 34272.19999999998, 3180.1000000000017, 23016.40000000002, 23065.0, 23316.599999999995, 34434.29999999999, 32349.299999999967, 22508.600000000013, 33432.8, 34303.69999999999, 3108.0000000000014, 3180.1000000000017, 33616.89999999997, 3180.1000000000017, 34068.59999999996, 32085.500000000004, 22070.3, 33881.20000000003, 3180.1000000000017, 3183.2999999999984, 3141.899999999999, 32442.299999999977, 3180.1000000000017, 3142.799999999999, 21552.39999999998, 3108.0000000000014, 31507.89999999998, 3180.1000000000017, 35072.399999999994, 3108.0000000000014, 33693.79999999997, 32767.999999999953, 33269.399999999994, 3108.0000000000014, 3180.1000000000017, 32570.2, 3180.1000000000017, 3141.899999999999, 3180.1000000000017, 3180.1000000000017, 3180.1000000000017, 3180.1000000000017, 34978.60000000003, 3108.0000000000014, 3180.1000000000017, 33072.09999999997, 34697.7, 3180.1000000000017, 21208.90000000001, 3108.0000000000014, 20937.09999999998, 21806.000000000007, 3108.0000000000014, 3108.0000000000014, 21920.10000000001, 3180.1000000000017, 32716.400000000005, 32431.299999999974, 32559.000000000044, 3108.0000000000014, 20590.10000000002, 3108.0000000000014, 32356.599999999977], 'episode_lengths': [93, 89, 34, 35, 78, 36, 94, 34, 95, 34, 89, 34, 34, 75, 34, 91, 34, 34, 35, 34, 34, 34, 34, 35, 97, 34, 70, 34, 36, 34, 36, 34, 91, 34, 75, 81, 77, 94, 34, 79, 78, 83, 97, 89, 77, 93, 96, 34, 34, 96, 34, 97, 88, 74, 94, 34, 37, 36, 94, 34, 37, 78, 34, 95, 34, 99, 34, 95, 93, 93, 34, 34, 89, 34, 36, 34, 34, 34, 34, 100, 34, 34, 91, 90, 34, 71, 34, 72, 73, 34, 34, 74, 34, 91, 89, 89, 34, 72, 34, 88]}, 'sampler_perf': {'mean_raw_obs_processing_ms': 2.589373707263062, 'mean_inference_ms': 8.102135804204936, 'mean_action_processing_ms': 0.7326762461506614, 'mean_env_wait_ms': 352.1477901743958, 'mean_env_render_ms': 0.0}, 'num_faulty_episodes': 0, 'connector_metrics': {'ObsPreprocessorConnector_ms': 0.08613729476928711, 'StateBufferConnector_ms': 0.02329540252685547, 'ViewRequirementAgentConnector_ms': 0.8605272769927979}}
[36m(RolloutWorker pid=1504452)[0m 3[32m [repeated 29x across cluster][0m
[36m(RolloutWorker pid=1504452)[0m 0[32m [repeated 868x across cluster][0m
[36m(RolloutWorker pid=1504451)[0m 0[32m [repeated 834x across cluster][0m
[36m(RolloutWorker pid=1505411)[0m 3[32m [repeated 839x across cluster][0m
[36m(RolloutWorker pid=1504452)[0m 2[32m [repeated 823x across cluster][0m
The agent encountered 62 episodes this iteration...
[36m(RolloutWorker pid=1504452)[0m 0[32m [repeated 734x across cluster][0m
[36m(RolloutWorker pid=1504452)[0m 3[32m [repeated 855x across cluster][0m
[36m(RolloutWorker pid=1504451)[0m 3[32m [repeated 823x across cluster][0m
[36m(RolloutWorker pid=1504452)[0m 0[32m [repeated 840x across cluster][0m
[36m(RolloutWorker pid=1504456)[0m 3[32m [repeated 838x across cluster][0m
The agent encountered 54 episodes this iteration...
[36m(RolloutWorker pid=1504452)[0m 2[32m [repeated 742x across cluster][0m
[36m(RolloutWorker pid=1504459)[0m 3[32m [repeated 873x across cluster][0m
[36m(RolloutWorker pid=1504451)[0m 6[32m [repeated 828x across cluster][0m
[36m(RolloutWorker pid=1505427)[0m 2[32m [repeated 840x across cluster][0m
[36m(RolloutWorker pid=1504450)[0m 3[32m [repeated 817x across cluster][0m
The agent encountered 62 episodes this iteration...
[36m(RolloutWorker pid=1504452)[0m 6[32m [repeated 738x across cluster][0m
[36m(RolloutWorker pid=1504452)[0m 0[32m [repeated 850x across cluster][0m
[36m(RolloutWorker pid=1505347)[0m 3[32m [repeated 839x across cluster][0m
[36m(RolloutWorker pid=1504450)[0m 3[32m [repeated 818x across cluster][0m
[36m(RolloutWorker pid=1504452)[0m 6[32m [repeated 826x across cluster][0m
[36m(RolloutWorker pid=1504457)[0m 0[32m [repeated 763x across cluster][0m
The agent encountered 53 episodes this iteration...
[36m(RolloutWorker pid=1504452)[0m 0[32m [repeated 3x across cluster][0m
[36m(RolloutWorker pid=1504451)[0m 3[32m [repeated 857x across cluster][0m
[36m(RolloutWorker pid=1504708)[0m 2[32m [repeated 836x across cluster][0m
[36m(RolloutWorker pid=1504450)[0m 0[32m [repeated 797x across cluster][0m
[36m(RolloutWorker pid=1504456)[0m 4[32m [repeated 818x across cluster][0m
[36m(RolloutWorker pid=1504705)[0m 2[32m [repeated 780x across cluster][0m
The agent encountered 67 episodes this iteration...
Model saved at iteration 35, steps trained: 512.0, sample results: {'episode_reward_max': 83445.39999999997, 'episode_reward_min': 3022.200000000001, 'episode_reward_mean': 19800.537, 'episode_len_mean': 66.87, 'episode_media': {}, 'episodes_this_iter': 67, 'policy_reward_min': {}, 'policy_reward_max': {}, 'policy_reward_mean': {}, 'custom_metrics': {}, 'hist_stats': {'episode_reward': [3194.2000000000016, 83445.39999999997, 3108.0000000000014, 32584.100000000042, 32498.800000000036, 3180.1000000000017, 31629.300000000014, 31164.299999999974, 33438.39999999998, 3108.0000000000014, 3121.299999999999, 3180.1000000000017, 33351.599999999984, 32027.199999999983, 33191.000000000015, 3122.1000000000013, 24407.59999999998, 34372.69999999999, 3108.0000000000014, 3160.1000000000017, 23223.399999999994, 32600.099999999977, 23967.200000000023, 3143.699999999999, 33255.100000000035, 22461.200000000008, 33007.20000000003, 23256.199999999997, 3108.0000000000014, 3145.799999999999, 23041.200000000008, 23392.500000000015, 23221.399999999983, 32359.200000000033, 20884.90000000001, 34157.59999999999, 3140.999999999999, 32977.100000000035, 30680.400000000027, 3108.0000000000014, 3180.1000000000017, 33492.69999999999, 31417.599999999977, 31750.999999999964, 31603.299999999977, 3203.5999999999985, 3108.0000000000014, 3162.1000000000017, 33174.89999999998, 33368.299999999996, 3122.1000000000013, 32347.000000000007, 32769.00000000004, 31749.39999999999, 31631.299999999974, 3142.799999999999, 3180.1000000000017, 3180.1000000000017, 3180.1000000000017, 31611.10000000004, 3140.999999999999, 3108.0000000000014, 33140.200000000004, 22817.600000000006, 3180.1000000000017, 3151.3000000000015, 3160.1000000000017, 32533.99999999998, 33988.89999999999, 33436.899999999994, 3140.999999999999, 3108.0000000000014, 3108.0000000000014, 32797.600000000006, 31164.400000000027, 3140.999999999999, 3140.999999999999, 33768.1, 3022.200000000001, 34088.900000000016, 32975.89999999998, 3141.899999999999, 3099.299999999999, 33247.29999999998, 3160.1000000000017, 30787.599999999984, 21637.199999999986, 33560.299999999996, 23337.1, 3141.899999999999, 31869.60000000001, 3128.8999999999987, 3141.899999999999, 34470.89999999998, 33525.699999999975, 3130.699999999999, 32072.400000000034, 21456.200000000008, 33095.40000000001, 32037.000000000004], 'episode_lengths': [37, 140, 34, 87, 88, 34, 86, 85, 94, 34, 38, 34, 89, 86, 93, 39, 88, 91, 34, 37, 79, 89, 82, 38, 89, 76, 92, 79, 34, 40, 79, 81, 79, 87, 73, 95, 35, 89, 82, 34, 35, 92, 84, 86, 86, 38, 34, 38, 94, 96, 39, 90, 94, 90, 88, 38, 34, 35, 34, 86, 35, 34, 93, 77, 34, 38, 37, 89, 94, 93, 35, 34, 34, 89, 83, 35, 36, 98, 43, 90, 92, 36, 41, 93, 37, 84, 79, 94, 79, 36, 85, 39, 36, 92, 93, 41, 86, 72, 91, 89]}, 'sampler_perf': {'mean_raw_obs_processing_ms': 2.5851193497944562, 'mean_inference_ms': 8.080241325721149, 'mean_action_processing_ms': 0.7246366986182882, 'mean_env_wait_ms': 351.1858205298938, 'mean_env_render_ms': 0.0}, 'num_faulty_episodes': 0, 'connector_metrics': {'ObsPreprocessorConnector_ms': 0.023816823959350586, 'StateBufferConnector_ms': 0.009314775466918945, 'ViewRequirementAgentConnector_ms': 1.0821373462677002}}
[36m(RolloutWorker pid=1504452)[0m 3[32m [repeated 9x across cluster][0m
[36m(RolloutWorker pid=1504456)[0m 2[32m [repeated 855x across cluster][0m
[36m(RolloutWorker pid=1504450)[0m 0[32m [repeated 816x across cluster][0m
[36m(RolloutWorker pid=1504452)[0m 2[32m [repeated 811x across cluster][0m
[36m(RolloutWorker pid=1504451)[0m 3[32m [repeated 833x across cluster][0m
[36m(RolloutWorker pid=1504705)[0m 0[32m [repeated 778x across cluster][0m
The agent encountered 61 episodes this iteration...
[36m(RolloutWorker pid=1504452)[0m 0[32m [repeated 5x across cluster][0m
[36m(RolloutWorker pid=1504452)[0m 0[32m [repeated 865x across cluster][0m
[36m(RolloutWorker pid=1504452)[0m 2[32m [repeated 829x across cluster][0m
[36m(RolloutWorker pid=1504461)[0m 0[32m [repeated 836x across cluster][0m
[36m(RolloutWorker pid=1504451)[0m 2[32m [repeated 824x across cluster][0m
[36m(RolloutWorker pid=1504450)[0m 0[32m [repeated 737x across cluster][0m
The agent encountered 59 episodes this iteration...
[36m(RolloutWorker pid=1504452)[0m 0[32m [repeated 7x across cluster][0m
[36m(RolloutWorker pid=1504458)[0m 3[32m [repeated 849x across cluster][0m
[36m(RolloutWorker pid=1504456)[0m 0[32m [repeated 835x across cluster][0m
[36m(RolloutWorker pid=1504461)[0m 2[32m [repeated 828x across cluster][0m
[36m(RolloutWorker pid=1504461)[0m 0[32m [repeated 835x across cluster][0m
[36m(RolloutWorker pid=1504450)[0m 3[32m [repeated 749x across cluster][0m
The agent encountered 65 episodes this iteration...
[36m(RolloutWorker pid=1504452)[0m 2
[36m(RolloutWorker pid=1504450)[0m 0
[36m(RolloutWorker pid=1504458)[0m 0[32m [repeated 835x across cluster][0m
[36m(RolloutWorker pid=1504451)[0m 0[32m [repeated 835x across cluster][0m
[36m(RolloutWorker pid=1504456)[0m 3[32m [repeated 838x across cluster][0m
[36m(RolloutWorker pid=1504452)[0m 3[32m [repeated 832x across cluster][0m
The agent encountered 64 episodes this iteration...
[36m(RolloutWorker pid=1504452)[0m 2[32m [repeated 756x across cluster][0m
[36m(RolloutWorker pid=1504450)[0m 3[32m [repeated 856x across cluster][0m
[36m(RolloutWorker pid=1504461)[0m 2[32m [repeated 840x across cluster][0m
[36m(RolloutWorker pid=1504461)[0m 0[32m [repeated 826x across cluster][0m
[36m(RolloutWorker pid=1504458)[0m 0[32m [repeated 843x across cluster][0m
The agent encountered 60 episodes this iteration...
Model saved at iteration 40, steps trained: 512.0, sample results: {'episode_reward_max': 64607.999999999985, 'episode_reward_min': 3064.1000000000013, 'episode_reward_mean': 18534.514000000003, 'episode_len_mean': 63.92, 'episode_media': {}, 'episodes_this_iter': 60, 'policy_reward_min': {}, 'policy_reward_max': {}, 'policy_reward_mean': {}, 'custom_metrics': {}, 'hist_stats': {'episode_reward': [32698.899999999958, 32435.800000000032, 32334.89999999997, 33588.70000000001, 31222.800000000003, 3140.999999999999, 3108.0000000000014, 3122.1000000000013, 34983.299999999996, 3180.1000000000017, 3180.1000000000017, 3108.0000000000014, 3203.5999999999985, 3180.1000000000017, 21931.600000000006, 3180.1000000000017, 3180.1000000000017, 32844.8, 32041.199999999986, 32769.6, 3108.0000000000014, 32287.299999999977, 3180.1000000000017, 22848.49999999998, 3140.999999999999, 3140.999999999999, 33047.79999999998, 3108.0000000000014, 32470.50000000003, 3064.1000000000013, 3180.1000000000017, 23055.20000000001, 31304.89999999998, 31409.000000000007, 3180.1000000000017, 20968.199999999983, 32364.40000000002, 3180.1000000000017, 3140.999999999999, 34079.799999999996, 31149.90000000001, 31309.89999999997, 33080.8, 23295.50000000001, 31750.900000000005, 3122.1000000000013, 20953.40000000001, 32740.599999999962, 3180.1000000000017, 3108.0000000000014, 32466.2, 31830.699999999983, 64607.999999999985, 32404.999999999985, 30885.400000000034, 22770.50000000002, 3108.0000000000014, 3180.1000000000017, 3153.3000000000015, 32699.59999999998, 3151.3000000000015, 22210.300000000003, 3108.0000000000014, 33540.80000000003, 22263.200000000008, 33781.49999999996, 32642.300000000014, 34237.00000000003, 3108.0000000000014, 3108.0000000000014, 38196.200000000026, 22850.999999999996, 3108.0000000000014, 3180.1000000000017, 3140.999999999999, 33413.60000000001, 3108.0000000000014, 31019.800000000007, 33411.59999999998, 3108.0000000000014, 32640.29999999998, 31979.099999999984, 3180.1000000000017, 3140.999999999999, 33259.899999999965, 3180.1000000000017, 33146.09999999997, 3108.0000000000014, 31498.100000000006, 3180.1000000000017, 32498.099999999962, 3180.1000000000017, 3151.3000000000015, 3108.0000000000014, 21800.800000000007, 31621.700000000033, 31866.099999999995, 3180.1000000000017, 31372.699999999997, 3180.1000000000017], 'episode_lengths': [93, 89, 88, 93, 83, 35, 34, 39, 98, 34, 34, 34, 38, 34, 75, 34, 34, 90, 86, 93, 34, 89, 34, 76, 35, 35, 92, 34, 92, 41, 34, 80, 84, 85, 34, 71, 89, 34, 35, 97, 84, 87, 93, 79, 85, 39, 70, 92, 34, 34, 91, 87, 128, 88, 85, 81, 34, 34, 39, 91, 38, 76, 34, 92, 75, 97, 88, 94, 34, 34, 104, 76, 34, 34, 35, 94, 34, 86, 91, 34, 89, 89, 34, 35, 91, 34, 91, 34, 86, 34, 88, 34, 38, 34, 74, 87, 86, 34, 84, 34]}, 'sampler_perf': {'mean_raw_obs_processing_ms': 2.5908083274508322, 'mean_inference_ms': 8.113130717290076, 'mean_action_processing_ms': 0.7255406751382876, 'mean_env_wait_ms': 352.6980610389715, 'mean_env_render_ms': 0.0}, 'num_faulty_episodes': 0, 'connector_metrics': {'ObsPreprocessorConnector_ms': 0.0342717170715332, 'StateBufferConnector_ms': 0.041094303131103516, 'ViewRequirementAgentConnector_ms': 0.744128942489624}}
[36m(RolloutWorker pid=1504452)[0m 3[32m [repeated 734x across cluster][0m
[36m(RolloutWorker pid=1504460)[0m 3[32m [repeated 856x across cluster][0m
[36m(RolloutWorker pid=1504450)[0m 3[32m [repeated 833x across cluster][0m
[36m(RolloutWorker pid=1504452)[0m 3[32m [repeated 828x across cluster][0m
[36m(RolloutWorker pid=1504457)[0m 0[32m [repeated 832x across cluster][0m
The agent encountered 66 episodes this iteration...
[36m(RolloutWorker pid=1504452)[0m 0[32m [repeated 747x across cluster][0m
[36m(RolloutWorker pid=1504452)[0m 3[32m [repeated 847x across cluster][0m
[36m(RolloutWorker pid=1504461)[0m 3[32m [repeated 846x across cluster][0m
[36m(RolloutWorker pid=1504452)[0m 0[32m [repeated 834x across cluster][0m
[36m(RolloutWorker pid=1504450)[0m 0[32m [repeated 825x across cluster][0m
The agent encountered 60 episodes this iteration...
[36m(RolloutWorker pid=1504452)[0m 0[32m [repeated 744x across cluster][0m
[36m(RolloutWorker pid=1504705)[0m 3[32m [repeated 869x across cluster][0m
[36m(RolloutWorker pid=1504452)[0m 0[32m [repeated 823x across cluster][0m
[36m(RolloutWorker pid=1504715)[0m 6[32m [repeated 839x across cluster][0m
[36m(RolloutWorker pid=1504450)[0m 4[32m [repeated 826x across cluster][0m
The agent encountered 69 episodes this iteration...
[36m(RolloutWorker pid=1504452)[0m 4[32m [repeated 741x across cluster][0m
[36m(RolloutWorker pid=1504450)[0m 3[32m [repeated 850x across cluster][0m
[36m(RolloutWorker pid=1504458)[0m 0[32m [repeated 826x across cluster][0m
[36m(RolloutWorker pid=1504450)[0m 0[32m [repeated 836x across cluster][0m
[36m(RolloutWorker pid=1504450)[0m 1[32m [repeated 811x across cluster][0m
The agent encountered 62 episodes this iteration...
[36m(RolloutWorker pid=1504452)[0m 3[32m [repeated 773x across cluster][0m
[36m(RolloutWorker pid=1504701)[0m 3[32m [repeated 860x across cluster][0m
[36m(RolloutWorker pid=1504457)[0m 2[32m [repeated 834x across cluster][0m
[36m(RolloutWorker pid=1504451)[0m 0[32m [repeated 832x across cluster][0m
[36m(RolloutWorker pid=1504450)[0m 0[32m [repeated 826x across cluster][0m
The agent encountered 62 episodes this iteration...
Model saved at iteration 45, steps trained: 512.0, sample results: {'episode_reward_max': 161820.60000000036, 'episode_reward_min': 3108.0000000000014, 'episode_reward_mean': 19254.507000000005, 'episode_len_mean': 63.2, 'episode_media': {}, 'episodes_this_iter': 62, 'policy_reward_min': {}, 'policy_reward_max': {}, 'policy_reward_mean': {}, 'custom_metrics': {}, 'hist_stats': {'episode_reward': [33010.59999999998, 34001.80000000003, 25069.299999999996, 3180.1000000000017, 22348.8, 3180.1000000000017, 23783.09999999997, 32062.699999999975, 3108.0000000000014, 3180.1000000000017, 33417.80000000002, 3108.0000000000014, 3108.0000000000014, 3108.0000000000014, 3108.0000000000014, 33951.799999999996, 3140.999999999999, 22002.000000000007, 3108.0000000000014, 33863.2, 31250.500000000007, 3140.999999999999, 3180.1000000000017, 3180.1000000000017, 24438.399999999994, 3180.1000000000017, 3180.1000000000017, 32541.39999999998, 31762.199999999986, 3108.0000000000014, 3180.1000000000017, 3108.0000000000014, 3180.1000000000017, 3108.0000000000014, 3180.1000000000017, 31798.100000000024, 3108.0000000000014, 21534.000000000007, 33099.19999999998, 31767.59999999998, 3180.1000000000017, 3140.999999999999, 32335.999999999967, 33729.10000000005, 22472.800000000007, 3108.0000000000014, 33147.90000000003, 3180.1000000000017, 3180.1000000000017, 22449.699999999983, 3108.0000000000014, 3180.1000000000017, 31311.999999999978, 3180.1000000000017, 3108.0000000000014, 36124.30000000003, 3180.1000000000017, 3108.0000000000014, 22643.399999999976, 3108.0000000000014, 34283.5, 3180.1000000000017, 3180.1000000000017, 32275.900000000016, 31822.999999999978, 23540.999999999996, 22097.100000000013, 31954.400000000005, 3108.0000000000014, 22665.10000000002, 3180.1000000000017, 3180.1000000000017, 39182.300000000025, 3180.1000000000017, 32299.199999999983, 31323.799999999977, 3180.1000000000017, 31420.49999999998, 32799.5, 32638.099999999984, 31850.19999999998, 3180.1000000000017, 3108.0000000000014, 34284.39999999997, 32502.799999999977, 3108.0000000000014, 32734.20000000002, 3108.0000000000014, 33277.20000000001, 32880.399999999994, 32603.799999999977, 32327.09999999998, 3180.1000000000017, 33264.100000000035, 114621.89999999992, 34797.299999999996, 3180.1000000000017, 3180.1000000000017, 161820.60000000036, 3108.0000000000014], 'episode_lengths': [88, 95, 90, 34, 75, 34, 82, 88, 34, 34, 88, 34, 34, 34, 34, 92, 35, 76, 34, 92, 86, 35, 34, 34, 83, 34, 34, 94, 87, 34, 34, 34, 34, 34, 34, 85, 34, 75, 95, 87, 34, 35, 88, 92, 76, 34, 90, 34, 34, 76, 34, 34, 85, 34, 34, 96, 34, 34, 78, 34, 97, 34, 34, 89, 87, 79, 73, 85, 34, 76, 34, 34, 107, 34, 87, 85, 34, 85, 89, 91, 87, 34, 34, 98, 90, 34, 90, 34, 92, 89, 91, 87, 34, 90, 170, 98, 34, 34, 200, 34]}, 'sampler_perf': {'mean_raw_obs_processing_ms': 2.589075749258166, 'mean_inference_ms': 8.111611364181677, 'mean_action_processing_ms': 0.7209289701816495, 'mean_env_wait_ms': 352.14929318486134, 'mean_env_render_ms': 0.0}, 'num_faulty_episodes': 0, 'connector_metrics': {'ObsPreprocessorConnector_ms': 0.028635740280151367, 'StateBufferConnector_ms': 0.014417648315429688, 'ViewRequirementAgentConnector_ms': 0.8394758701324463}}
[36m(RolloutWorker pid=1504452)[0m 3[32m [repeated 748x across cluster][0m
[36m(RolloutWorker pid=1504450)[0m 0[32m [repeated 847x across cluster][0m
[36m(RolloutWorker pid=1504710)[0m 4[32m [repeated 838x across cluster][0m
[36m(RolloutWorker pid=1504450)[0m 3[32m [repeated 822x across cluster][0m
[36m(RolloutWorker pid=1504451)[0m 0[32m [repeated 831x across cluster][0m
The agent encountered 65 episodes this iteration...
[36m(RolloutWorker pid=1504452)[0m 3[32m [repeated 759x across cluster][0m
[36m(RolloutWorker pid=1504464)[0m 3[32m [repeated 860x across cluster][0m
[36m(RolloutWorker pid=1505029)[0m 4[32m [repeated 841x across cluster][0m
[36m(RolloutWorker pid=1504450)[0m 3[32m [repeated 821x across cluster][0m
[36m(RolloutWorker pid=1504465)[0m 3[32m [repeated 830x across cluster][0m
The agent encountered 72 episodes this iteration...
[36m(RolloutWorker pid=1504452)[0m 0[32m [repeated 744x across cluster][0m
[36m(RolloutWorker pid=1504452)[0m 3[32m [repeated 846x across cluster][0m
[36m(RolloutWorker pid=1504452)[0m 3[32m [repeated 836x across cluster][0m
[36m(RolloutWorker pid=1504450)[0m 3[32m [repeated 829x across cluster][0m
[36m(RolloutWorker pid=1504458)[0m 3[32m [repeated 828x across cluster][0m
The agent encountered 66 episodes this iteration...
[36m(RolloutWorker pid=1504450)[0m 0[32m [repeated 758x across cluster][0m
[36m(RolloutWorker pid=1504450)[0m 6[32m [repeated 857x across cluster][0m
[36m(RolloutWorker pid=1504458)[0m 6[32m [repeated 825x across cluster][0m
[36m(RolloutWorker pid=1504452)[0m 3[32m [repeated 837x across cluster][0m
[36m(RolloutWorker pid=1504461)[0m 3[32m [repeated 838x across cluster][0m
The agent encountered 72 episodes this iteration...
[36m(RolloutWorker pid=1504452)[0m 0[32m [repeated 739x across cluster][0m
[36m(RolloutWorker pid=1504464)[0m 3[32m [repeated 850x across cluster][0m
[36m(RolloutWorker pid=1504456)[0m 3[32m [repeated 831x across cluster][0m
[36m(RolloutWorker pid=1504452)[0m 3[32m [repeated 841x across cluster][0m
[36m(RolloutWorker pid=1504465)[0m 0[32m [repeated 835x across cluster][0m
The agent encountered 79 episodes this iteration...
Model saved at iteration 50, steps trained: 512.0, sample results: {'episode_reward_max': 81827.40000000014, 'episode_reward_min': 3064.1000000000013, 'episode_reward_mean': 14266.585000000006, 'episode_len_mean': 56.61, 'episode_media': {}, 'episodes_this_iter': 79, 'policy_reward_min': {}, 'policy_reward_max': {}, 'policy_reward_mean': {}, 'custom_metrics': {}, 'hist_stats': {'episode_reward': [32752.09999999997, 24940.59999999999, 35261.40000000004, 3180.1000000000017, 3180.1000000000017, 3108.0000000000014, 3180.1000000000017, 3180.1000000000017, 3180.1000000000017, 22742.399999999983, 33419.19999999999, 3180.1000000000017, 3180.1000000000017, 33519.69999999999, 3180.1000000000017, 3180.1000000000017, 31287.100000000006, 3180.1000000000017, 23876.79999999998, 3108.0000000000014, 32390.400000000034, 3108.0000000000014, 3151.3000000000015, 31667.399999999983, 22361.500000000007, 32171.700000000008, 3194.2000000000016, 3180.1000000000017, 3180.1000000000017, 3108.0000000000014, 34429.90000000001, 34461.49999999997, 31587.599999999988, 3108.0000000000014, 33605.89999999999, 31621.10000000004, 3141.899999999999, 31494.399999999983, 3180.1000000000017, 3180.1000000000017, 3180.1000000000017, 22398.500000000007, 32096.20000000002, 3180.1000000000017, 81827.40000000014, 3180.1000000000017, 3180.1000000000017, 33073.80000000001, 25360.600000000013, 3180.1000000000017, 31870.599999999984, 3180.1000000000017, 3183.2999999999984, 3180.1000000000017, 21649.200000000008, 21044.40000000001, 3151.3000000000015, 3108.0000000000014, 33499.80000000004, 24442.899999999994, 3180.1000000000017, 27750.199999999946, 3180.1000000000017, 3183.2999999999984, 3180.1000000000017, 34575.50000000003, 34093.80000000002, 3180.1000000000017, 3180.1000000000017, 3180.1000000000017, 3180.1000000000017, 3180.1000000000017, 3180.1000000000017, 3180.1000000000017, 3183.2999999999984, 3108.0000000000014, 3064.1000000000013, 3108.0000000000014, 3108.0000000000014, 3108.0000000000014, 23833.59999999999, 3160.1000000000017, 23555.000000000015, 23269.099999999995, 22808.600000000006, 3151.3000000000015, 22637.200000000008, 3180.1000000000017, 3180.1000000000017, 3180.1000000000017, 33873.90000000001, 24190.200000000015, 21987.600000000006, 3108.0000000000014, 34523.59999999999, 3108.0000000000014, 32182.299999999977, 3180.1000000000017, 3180.1000000000017, 3180.1000000000017], 'episode_lengths': [90, 85, 101, 34, 34, 34, 34, 34, 34, 80, 95, 34, 34, 89, 34, 35, 84, 34, 81, 34, 89, 35, 38, 90, 77, 87, 37, 34, 34, 34, 96, 96, 84, 34, 96, 86, 36, 85, 35, 34, 34, 78, 87, 34, 135, 34, 34, 98, 91, 34, 86, 34, 37, 34, 74, 70, 38, 34, 90, 84, 34, 101, 34, 37, 34, 98, 97, 35, 34, 34, 34, 34, 34, 34, 37, 34, 41, 34, 34, 35, 80, 37, 79, 77, 80, 38, 79, 34, 34, 34, 95, 83, 75, 34, 96, 34, 90, 34, 34, 34]}, 'sampler_perf': {'mean_raw_obs_processing_ms': 2.6080035332535805, 'mean_inference_ms': 8.103905587664554, 'mean_action_processing_ms': 0.7210364861058745, 'mean_env_wait_ms': 350.6807998762143, 'mean_env_render_ms': 0.0}, 'num_faulty_episodes': 0, 'connector_metrics': {'ObsPreprocessorConnector_ms': 0.05633234977722168, 'StateBufferConnector_ms': 0.05362248420715332, 'ViewRequirementAgentConnector_ms': 0.6001098155975342}}
[36m(RolloutWorker pid=1504452)[0m 3[32m [repeated 739x across cluster][0m
[36m(RolloutWorker pid=1504451)[0m 3[32m [repeated 856x across cluster][0m
[36m(RolloutWorker pid=1505027)[0m 6[32m [repeated 828x across cluster][0m
[36m(RolloutWorker pid=1505029)[0m 3[32m [repeated 843x across cluster][0m
[36m(RolloutWorker pid=1504452)[0m 3[32m [repeated 812x across cluster][0m
The agent encountered 58 episodes this iteration...
[36m(RolloutWorker pid=1504452)[0m 3[32m [repeated 758x across cluster][0m
[36m(RolloutWorker pid=1504461)[0m 3[32m [repeated 867x across cluster][0m
[36m(RolloutWorker pid=1504451)[0m 3[32m [repeated 838x across cluster][0m
[36m(RolloutWorker pid=1505411)[0m 3[32m [repeated 840x across cluster][0m
[36m(RolloutWorker pid=1504450)[0m 3[32m [repeated 803x across cluster][0m
The agent encountered 67 episodes this iteration...
[36m(RolloutWorker pid=1504452)[0m 3[32m [repeated 749x across cluster][0m
[36m(RolloutWorker pid=1504452)[0m 1[32m [repeated 859x across cluster][0m
[36m(RolloutWorker pid=1504451)[0m 3[32m [repeated 837x across cluster][0m
[36m(RolloutWorker pid=1504452)[0m 6[32m [repeated 829x across cluster][0m
[36m(RolloutWorker pid=1504711)[0m 3[32m [repeated 838x across cluster][0m
The agent encountered 77 episodes this iteration...
[36m(RolloutWorker pid=1504452)[0m 3[32m [repeated 735x across cluster][0m
[36m(RolloutWorker pid=1504452)[0m 4[32m [repeated 862x across cluster][0m
[36m(RolloutWorker pid=1505055)[0m 6[32m [repeated 708x across cluster][0m
[36m(RolloutWorker pid=1504461)[0m 3[32m [repeated 758x across cluster][0m
[36m(RolloutWorker pid=1504452)[0m 0[32m [repeated 836x across cluster][0m
[36m(RolloutWorker pid=1504456)[0m 0[32m [repeated 799x across cluster][0m
The agent encountered 64 episodes this iteration...
[36m(RolloutWorker pid=1504452)[0m 6[32m [repeated 135x across cluster][0m
[36m(RolloutWorker pid=1504452)[0m 6[32m [repeated 860x across cluster][0m
[36m(RolloutWorker pid=1504460)[0m 3[32m [repeated 822x across cluster][0m
[36m(RolloutWorker pid=1504452)[0m 3[32m [repeated 823x across cluster][0m
[36m(RolloutWorker pid=1504451)[0m 3[32m [repeated 843x across cluster][0m
The agent encountered 72 episodes this iteration...
Model saved at iteration 55, steps trained: 512.0, sample results: {'episode_reward_max': 36951.69999999999, 'episode_reward_min': 3108.0000000000014, 'episode_reward_mean': 17014.071000000004, 'episode_len_mean': 62.51, 'episode_media': {}, 'episodes_this_iter': 72, 'policy_reward_min': {}, 'policy_reward_max': {}, 'policy_reward_mean': {}, 'custom_metrics': {}, 'hist_stats': {'episode_reward': [22394.6, 23210.99999999998, 3180.1000000000017, 3180.1000000000017, 3180.1000000000017, 27641.29999999999, 23570.000000000004, 3194.2000000000016, 22568.599999999995, 3180.1000000000017, 24655.799999999992, 3180.1000000000017, 33844.39999999999, 21211.60000000001, 33605.3, 3180.1000000000017, 3180.1000000000017, 32959.29999999997, 3180.1000000000017, 33388.90000000004, 34128.499999999985, 3180.1000000000017, 3180.1000000000017, 34924.0, 3180.1000000000017, 3180.1000000000017, 31507.799999999992, 26381.29999999999, 3180.1000000000017, 3108.0000000000014, 32211.20000000002, 32308.500000000007, 31646.499999999985, 23841.1, 3108.0000000000014, 3180.1000000000017, 33433.20000000003, 3180.1000000000017, 3180.1000000000017, 3180.1000000000017, 3108.0000000000014, 3180.1000000000017, 31940.100000000035, 24674.899999999994, 3180.1000000000017, 3180.1000000000017, 3180.1000000000017, 33043.29999999998, 3180.1000000000017, 32758.100000000035, 3180.1000000000017, 36462.30000000004, 3180.1000000000017, 3180.1000000000017, 33432.30000000003, 36951.69999999999, 23846.199999999993, 3108.0000000000014, 32857.300000000025, 22925.5, 3180.1000000000017, 3180.1000000000017, 3180.1000000000017, 25004.80000000001, 24688.599999999995, 32132.69999999998, 3180.1000000000017, 32493.19999999998, 33676.99999999998, 3180.1000000000017, 22857.500000000007, 3180.1000000000017, 33549.599999999984, 3180.1000000000017, 32539.89999999998, 3180.1000000000017, 33964.79999999999, 3180.1000000000017, 33931.50000000001, 33778.50000000004, 3180.1000000000017, 32892.100000000035, 3180.1000000000017, 3180.1000000000017, 35042.40000000004, 35913.00000000004, 3180.1000000000017, 3180.1000000000017, 24094.199999999993, 3180.1000000000017, 26078.899999999954, 3180.1000000000017, 33608.399999999994, 33780.80000000002, 31725.300000000025, 3180.1000000000017, 32307.49999999998, 3180.1000000000017, 3180.1000000000017, 33471.2], 'episode_lengths': [75, 78, 34, 34, 34, 97, 80, 37, 75, 34, 87, 34, 96, 71, 93, 34, 34, 95, 34, 92, 100, 35, 34, 97, 34, 34, 85, 93, 34, 34, 86, 87, 85, 82, 34, 34, 90, 34, 34, 34, 34, 35, 86, 86, 34, 37, 34, 93, 34, 94, 34, 106, 34, 34, 94, 108, 81, 34, 94, 77, 34, 34, 34, 85, 84, 87, 34, 89, 93, 34, 77, 34, 91, 34, 91, 34, 93, 34, 95, 92, 34, 90, 34, 35, 99, 101, 34, 34, 83, 34, 92, 34, 98, 97, 89, 34, 90, 34, 34, 97]}, 'sampler_perf': {'mean_raw_obs_processing_ms': 2.609017907157357, 'mean_inference_ms': 8.121155964103265, 'mean_action_processing_ms': 0.7181253237508494, 'mean_env_wait_ms': 351.30571296035987, 'mean_env_render_ms': 0.0}, 'num_faulty_episodes': 0, 'connector_metrics': {'ObsPreprocessorConnector_ms': 0.08218693733215332, 'StateBufferConnector_ms': 0.014143705368041992, 'ViewRequirementAgentConnector_ms': 0.845212459564209}}
[36m(RolloutWorker pid=1504452)[0m 3[32m [repeated 754x across cluster][0m
[36m(RolloutWorker pid=1505592)[0m 3[32m [repeated 869x across cluster][0m
[36m(RolloutWorker pid=1504457)[0m 3[32m [repeated 820x across cluster][0m
[36m(RolloutWorker pid=1504452)[0m 4[32m [repeated 827x across cluster][0m
[36m(RolloutWorker pid=1504452)[0m 6[32m [repeated 827x across cluster][0m
[36m(RolloutWorker pid=1504707)[0m 3[32m [repeated 753x across cluster][0m
The agent encountered 70 episodes this iteration...
[36m(RolloutWorker pid=1504452)[0m 3
[36m(RolloutWorker pid=1504450)[0m 3
[36m(RolloutWorker pid=1504452)[0m 3[32m [repeated 844x across cluster][0m
[36m(RolloutWorker pid=1504461)[0m 0[32m [repeated 835x across cluster][0m
[36m(RolloutWorker pid=1504451)[0m 3[32m [repeated 829x across cluster][0m
[36m(RolloutWorker pid=1504452)[0m 3[32m [repeated 834x across cluster][0m
[36m(RolloutWorker pid=1504450)[0m 6[32m [repeated 752x across cluster][0m
The agent encountered 67 episodes this iteration...
[36m(RolloutWorker pid=1504452)[0m 3[32m [repeated 2x across cluster][0m
[36m(RolloutWorker pid=1504450)[0m 3[32m [repeated 865x across cluster][0m
[36m(RolloutWorker pid=1504701)[0m 3[32m [repeated 846x across cluster][0m
[36m(RolloutWorker pid=1504465)[0m 0[32m [repeated 813x across cluster][0m
[36m(RolloutWorker pid=1504452)[0m 3[32m [repeated 830x across cluster][0m
The agent encountered 64 episodes this iteration...
[36m(RolloutWorker pid=1504452)[0m 3[32m [repeated 746x across cluster][0m
[36m(RolloutWorker pid=1504464)[0m 3[32m [repeated 841x across cluster][0m
[36m(RolloutWorker pid=1504450)[0m 0[32m [repeated 829x across cluster][0m
[36m(RolloutWorker pid=1504456)[0m 4[32m [repeated 826x across cluster][0m
[36m(RolloutWorker pid=1504452)[0m 6[32m [repeated 822x across cluster][0m
[36m(RolloutWorker pid=1504711)[0m 3[32m [repeated 778x across cluster][0m
The agent encountered 74 episodes this iteration...
[36m(RolloutWorker pid=1504452)[0m 3
[36m(RolloutWorker pid=1504450)[0m 6
[36m(RolloutWorker pid=1504461)[0m 6[32m [repeated 852x across cluster][0m
[36m(RolloutWorker pid=1504458)[0m 3[32m [repeated 826x across cluster][0m
[36m(RolloutWorker pid=1504452)[0m 3[32m [repeated 835x across cluster][0m
[36m(RolloutWorker pid=1504456)[0m 3[32m [repeated 642x across cluster][0m
[36m(RolloutWorker pid=1504452)[0m 0[32m [repeated 857x across cluster][0m
The agent encountered 65 episodes this iteration...
slurmstepd-dh-node2: error: *** JOB 129316 ON dh-node2 CANCELLED AT 2023-11-28T00:15:42 ***
