13:4: not a valid test operator: (
13:4: not a valid test operator: 530.30.02
Defaulting to user installation because normal site-packages is not writeable
WARNING: Ignoring invalid distribution -ransformers (/home/paganinik/.local/lib/python3.10/site-packages)
WARNING: Ignoring invalid distribution -ransformers (/home/paganinik/.local/lib/python3.10/site-packages)
Looking in indexes: https://pypi.org/simple, https://pypi.ngc.nvidia.com
Requirement already satisfied: rllib in /home/paganinik/.local/lib/python3.10/site-packages (0.0.1)
Requirement already satisfied: ray in /home/paganinik/.local/lib/python3.10/site-packages (2.8.0)
Requirement already satisfied: gymnasium in /home/paganinik/.local/lib/python3.10/site-packages (0.29.1)
Requirement already satisfied: dm_tree in /home/paganinik/.local/lib/python3.10/site-packages (0.1.8)
Requirement already satisfied: pyboy in /home/paganinik/.local/lib/python3.10/site-packages (1.6.9)
Requirement already satisfied: pysdl2 in /home/paganinik/.local/lib/python3.10/site-packages (0.9.16)
Requirement already satisfied: pysdl2-dll in /home/paganinik/.local/lib/python3.10/site-packages (2.28.4)
Requirement already satisfied: tensorflow-probability in /home/paganinik/.local/lib/python3.10/site-packages (0.23.0)
Requirement already satisfied: click>=7.0 in /usr/local/lib/python3.10/dist-packages (from ray) (8.1.3)
Requirement already satisfied: filelock in /usr/local/lib/python3.10/dist-packages (from ray) (3.12.0)
Requirement already satisfied: jsonschema in /usr/local/lib/python3.10/dist-packages (from ray) (4.17.3)
Requirement already satisfied: msgpack<2.0.0,>=1.0.0 in /usr/local/lib/python3.10/dist-packages (from ray) (1.0.5)
Requirement already satisfied: packaging in /usr/local/lib/python3.10/dist-packages (from ray) (23.1)
Requirement already satisfied: protobuf!=3.19.5,>=3.15.3 in /usr/local/lib/python3.10/dist-packages (from ray) (3.20.3)
Requirement already satisfied: pyyaml in /usr/local/lib/python3.10/dist-packages (from ray) (6.0)
Requirement already satisfied: aiosignal in /usr/local/lib/python3.10/dist-packages (from ray) (1.3.1)
Requirement already satisfied: frozenlist in /usr/local/lib/python3.10/dist-packages (from ray) (1.3.3)
Requirement already satisfied: requests in /usr/local/lib/python3.10/dist-packages (from ray) (2.29.0)
Requirement already satisfied: numpy>=1.19.3 in /home/paganinik/.local/lib/python3.10/site-packages (from ray) (1.26.0)
Requirement already satisfied: cloudpickle>=1.2.0 in /usr/local/lib/python3.10/dist-packages (from gymnasium) (2.2.1)
Requirement already satisfied: typing-extensions>=4.3.0 in /usr/local/lib/python3.10/dist-packages (from gymnasium) (4.5.0)
Requirement already satisfied: farama-notifications>=0.0.1 in /home/paganinik/.local/lib/python3.10/site-packages (from gymnasium) (0.0.4)
Requirement already satisfied: absl-py in /usr/local/lib/python3.10/dist-packages (from tensorflow-probability) (1.4.0)
Requirement already satisfied: six>=1.10.0 in /usr/local/lib/python3.10/dist-packages (from tensorflow-probability) (1.16.0)
Requirement already satisfied: decorator in /usr/local/lib/python3.10/dist-packages (from tensorflow-probability) (5.1.1)
Requirement already satisfied: gast>=0.3.2 in /usr/local/lib/python3.10/dist-packages (from tensorflow-probability) (0.4.0)
Requirement already satisfied: attrs>=17.4.0 in /usr/local/lib/python3.10/dist-packages (from jsonschema->ray) (23.1.0)
Requirement already satisfied: pyrsistent!=0.17.0,!=0.17.1,!=0.17.2,>=0.14.0 in /usr/local/lib/python3.10/dist-packages (from jsonschema->ray) (0.19.3)
Requirement already satisfied: charset-normalizer<4,>=2 in /usr/local/lib/python3.10/dist-packages (from requests->ray) (3.1.0)
Requirement already satisfied: idna<4,>=2.5 in /usr/local/lib/python3.10/dist-packages (from requests->ray) (3.4)
Requirement already satisfied: urllib3<1.27,>=1.21.1 in /usr/local/lib/python3.10/dist-packages (from requests->ray) (1.26.15)
Requirement already satisfied: certifi>=2017.4.17 in /usr/local/lib/python3.10/dist-packages (from requests->ray) (2022.12.7)
WARNING: Ignoring invalid distribution -ransformers (/home/paganinik/.local/lib/python3.10/site-packages)
WARNING: Ignoring invalid distribution -ransformers (/home/paganinik/.local/lib/python3.10/site-packages)
WARNING: Ignoring invalid distribution -ransformers (/home/paganinik/.local/lib/python3.10/site-packages)
WARNING: Ignoring invalid distribution -ransformers (/home/paganinik/.local/lib/python3.10/site-packages)

[notice] A new release of pip is available: 23.1.2 -> 23.3.1
[notice] To update, run: python3 -m pip install --upgrade pip
2023-11-29 13:02:08,559	WARNING compression.py:16 -- lz4 not available, disabling sample compression. This will significantly impact RLlib performance. To install lz4, run `pip install lz4`.
2023-11-29 13:02:09,370	WARNING __init__.py:10 -- PG has/have been moved to `rllib_contrib` and will no longer be maintained by the RLlib team. You can still use it/them normally inside RLlib util Ray 2.8, but from Ray 2.9 on, all `rllib_contrib` algorithms will no longer be part of the core repo, and will therefore have to be installed separately with pinned dependencies for e.g. ray[rllib] and other packages! See https://github.com/ray-project/ray/tree/master/rllib_contrib#rllib-contrib for more information on the RLlib contrib effort.
UserWarning: Using SDL2 binaries from pysdl2-dll 2.28.4
2023-11-29 13:02:13,732	INFO worker.py:1673 -- Started a local Ray instance.
2023-11-29 13:02:36,749	WARNING __init__.py:10 -- A3C has/have been moved to `rllib_contrib` and will no longer be maintained by the RLlib team. You can still use it/them normally inside RLlib util Ray 2.8, but from Ray 2.9 on, all `rllib_contrib` algorithms will no longer be part of the core repo, and will therefore have to be installed separately with pinned dependencies for e.g. ray[rllib] and other packages! See https://github.com/ray-project/ray/tree/master/rllib_contrib#rllib-contrib for more information on the RLlib contrib effort.
2023-11-29 13:02:36,750	WARNING __init__.py:10 -- A2C has/have been moved to `rllib_contrib` and will no longer be maintained by the RLlib team. You can still use it/them normally inside RLlib util Ray 2.8, but from Ray 2.9 on, all `rllib_contrib` algorithms will no longer be part of the core repo, and will therefore have to be installed separately with pinned dependencies for e.g. ray[rllib] and other packages! See https://github.com/ray-project/ray/tree/master/rllib_contrib#rllib-contrib for more information on the RLlib contrib effort.
2023-11-29 13:02:36,761	WARNING __init__.py:10 -- AlphaZero has/have been moved to `rllib_contrib` and will no longer be maintained by the RLlib team. You can still use it/them normally inside RLlib util Ray 2.8, but from Ray 2.9 on, all `rllib_contrib` algorithms will no longer be part of the core repo, and will therefore have to be installed separately with pinned dependencies for e.g. ray[rllib] and other packages! See https://github.com/ray-project/ray/tree/master/rllib_contrib#rllib-contrib for more information on the RLlib contrib effort.
2023-11-29 13:02:37,315	WARNING __init__.py:10 -- ApexDQN has/have been moved to `rllib_contrib` and will no longer be maintained by the RLlib team. You can still use it/them normally inside RLlib util Ray 2.8, but from Ray 2.9 on, all `rllib_contrib` algorithms will no longer be part of the core repo, and will therefore have to be installed separately with pinned dependencies for e.g. ray[rllib] and other packages! See https://github.com/ray-project/ray/tree/master/rllib_contrib#rllib-contrib for more information on the RLlib contrib effort.
2023-11-29 13:02:37,339	WARNING __init__.py:10 -- DDPG has/have been moved to `rllib_contrib` and will no longer be maintained by the RLlib team. You can still use it/them normally inside RLlib util Ray 2.8, but from Ray 2.9 on, all `rllib_contrib` algorithms will no longer be part of the core repo, and will therefore have to be installed separately with pinned dependencies for e.g. ray[rllib] and other packages! See https://github.com/ray-project/ray/tree/master/rllib_contrib#rllib-contrib for more information on the RLlib contrib effort.
2023-11-29 13:02:37,339	WARNING __init__.py:10 -- ApexDDPG has/have been moved to `rllib_contrib` and will no longer be maintained by the RLlib team. You can still use it/them normally inside RLlib util Ray 2.8, but from Ray 2.9 on, all `rllib_contrib` algorithms will no longer be part of the core repo, and will therefore have to be installed separately with pinned dependencies for e.g. ray[rllib] and other packages! See https://github.com/ray-project/ray/tree/master/rllib_contrib#rllib-contrib for more information on the RLlib contrib effort.
2023-11-29 13:02:37,363	WARNING __init__.py:10 -- ES has/have been moved to `rllib_contrib` and will no longer be maintained by the RLlib team. You can still use it/them normally inside RLlib util Ray 2.8, but from Ray 2.9 on, all `rllib_contrib` algorithms will no longer be part of the core repo, and will therefore have to be installed separately with pinned dependencies for e.g. ray[rllib] and other packages! See https://github.com/ray-project/ray/tree/master/rllib_contrib#rllib-contrib for more information on the RLlib contrib effort.
2023-11-29 13:02:37,367	WARNING __init__.py:10 -- ARS has/have been moved to `rllib_contrib` and will no longer be maintained by the RLlib team. You can still use it/them normally inside RLlib util Ray 2.8, but from Ray 2.9 on, all `rllib_contrib` algorithms will no longer be part of the core repo, and will therefore have to be installed separately with pinned dependencies for e.g. ray[rllib] and other packages! See https://github.com/ray-project/ray/tree/master/rllib_contrib#rllib-contrib for more information on the RLlib contrib effort.
2023-11-29 13:02:37,383	WARNING __init__.py:10 -- BanditLinTS and BanditLinUCB has/have been moved to `rllib_contrib` and will no longer be maintained by the RLlib team. You can still use it/them normally inside RLlib util Ray 2.8, but from Ray 2.9 on, all `rllib_contrib` algorithms will no longer be part of the core repo, and will therefore have to be installed separately with pinned dependencies for e.g. ray[rllib] and other packages! See https://github.com/ray-project/ray/tree/master/rllib_contrib#rllib-contrib for more information on the RLlib contrib effort.
2023-11-29 13:02:37,443	WARNING __init__.py:10 -- CRR has/have been moved to `rllib_contrib` and will no longer be maintained by the RLlib team. You can still use it/them normally inside RLlib util Ray 2.8, but from Ray 2.9 on, all `rllib_contrib` algorithms will no longer be part of the core repo, and will therefore have to be installed separately with pinned dependencies for e.g. ray[rllib] and other packages! See https://github.com/ray-project/ray/tree/master/rllib_contrib#rllib-contrib for more information on the RLlib contrib effort.
2023-11-29 13:02:37,454	WARNING __init__.py:10 -- DDPPO has/have been moved to `rllib_contrib` and will no longer be maintained by the RLlib team. You can still use it/them normally inside RLlib util Ray 2.8, but from Ray 2.9 on, all `rllib_contrib` algorithms will no longer be part of the core repo, and will therefore have to be installed separately with pinned dependencies for e.g. ray[rllib] and other packages! See https://github.com/ray-project/ray/tree/master/rllib_contrib#rllib-contrib for more information on the RLlib contrib effort.
2023-11-29 13:02:37,468	WARNING __init__.py:8 -- `Dreamer(V1)` has been removed from RLlib and will no longer be maintained by the RLlib team. Use `DreamerV3` instead, which is part of the RLlib library and will continue to be maintained and supported in the future. See https://github.com/ray-project/ray/tree/master/rllib/algorithms/dreamerv3 for more information on our DreamerV3 implementation.
/home/paganinik/.local/lib/python3.10/site-packages/gymnasium/utils/passive_env_checker.py:135: UserWarning: [33mWARN: The obs returned by the `reset()` method was expecting numpy array dtype to be float32, actual type: float64[0m
  logger.warn(
/home/paganinik/.local/lib/python3.10/site-packages/gymnasium/utils/passive_env_checker.py:159: UserWarning: [33mWARN: The obs returned by the `reset()` method is not within the observation space.[0m
  logger.warn(f"{pre} is not within the observation space.")
2023-11-29 13:02:37,530	WARNING __init__.py:10 -- DT has/have been moved to `rllib_contrib` and will no longer be maintained by the RLlib team. You can still use it/them normally inside RLlib util Ray 2.8, but from Ray 2.9 on, all `rllib_contrib` algorithms will no longer be part of the core repo, and will therefore have to be installed separately with pinned dependencies for e.g. ray[rllib] and other packages! See https://github.com/ray-project/ray/tree/master/rllib_contrib#rllib-contrib for more information on the RLlib contrib effort.
2023-11-29 13:02:37,585	WARNING __init__.py:10 -- AlphaStar has/have been moved to `rllib_contrib` and will no longer be maintained by the RLlib team. You can still use it/them normally inside RLlib util Ray 2.8, but from Ray 2.9 on, all `rllib_contrib` algorithms will no longer be part of the core repo, and will therefore have to be installed separately with pinned dependencies for e.g. ray[rllib] and other packages! See https://github.com/ray-project/ray/tree/master/rllib_contrib#rllib-contrib for more information on the RLlib contrib effort.
2023-11-29 13:02:37,598	WARNING __init__.py:10 -- MADDDPG has/have been moved to `rllib_contrib` and will no longer be maintained by the RLlib team. You can still use it/them normally inside RLlib util Ray 2.8, but from Ray 2.9 on, all `rllib_contrib` algorithms will no longer be part of the core repo, and will therefore have to be installed separately with pinned dependencies for e.g. ray[rllib] and other packages! See https://github.com/ray-project/ray/tree/master/rllib_contrib#rllib-contrib for more information on the RLlib contrib effort.
2023-11-29 13:02:37,606	WARNING __init__.py:10 -- MAML has/have been moved to `rllib_contrib` and will no longer be maintained by the RLlib team. You can still use it/them normally inside RLlib util Ray 2.8, but from Ray 2.9 on, all `rllib_contrib` algorithms will no longer be part of the core repo, and will therefore have to be installed separately with pinned dependencies for e.g. ray[rllib] and other packages! See https://github.com/ray-project/ray/tree/master/rllib_contrib#rllib-contrib for more information on the RLlib contrib effort.
2023-11-29 13:02:37,618	WARNING __init__.py:10 -- MBMPO has/have been moved to `rllib_contrib` and will no longer be maintained by the RLlib team. You can still use it/them normally inside RLlib util Ray 2.8, but from Ray 2.9 on, all `rllib_contrib` algorithms will no longer be part of the core repo, and will therefore have to be installed separately with pinned dependencies for e.g. ray[rllib] and other packages! See https://github.com/ray-project/ray/tree/master/rllib_contrib#rllib-contrib for more information on the RLlib contrib effort.
2023-11-29 13:02:37,631	WARNING __init__.py:10 -- QMIX has/have been moved to `rllib_contrib` and will no longer be maintained by the RLlib team. You can still use it/them normally inside RLlib util Ray 2.8, but from Ray 2.9 on, all `rllib_contrib` algorithms will no longer be part of the core repo, and will therefore have to be installed separately with pinned dependencies for e.g. ray[rllib] and other packages! See https://github.com/ray-project/ray/tree/master/rllib_contrib#rllib-contrib for more information on the RLlib contrib effort.
2023-11-29 13:02:37,641	WARNING __init__.py:10 -- R2D2 has/have been moved to `rllib_contrib` and will no longer be maintained by the RLlib team. You can still use it/them normally inside RLlib util Ray 2.8, but from Ray 2.9 on, all `rllib_contrib` algorithms will no longer be part of the core repo, and will therefore have to be installed separately with pinned dependencies for e.g. ray[rllib] and other packages! See https://github.com/ray-project/ray/tree/master/rllib_contrib#rllib-contrib for more information on the RLlib contrib effort.
2023-11-29 13:02:37,666	WARNING __init__.py:10 -- SlateQ has/have been moved to `rllib_contrib` and will no longer be maintained by the RLlib team. You can still use it/them normally inside RLlib util Ray 2.8, but from Ray 2.9 on, all `rllib_contrib` algorithms will no longer be part of the core repo, and will therefore have to be installed separately with pinned dependencies for e.g. ray[rllib] and other packages! See https://github.com/ray-project/ray/tree/master/rllib_contrib#rllib-contrib for more information on the RLlib contrib effort.
2023-11-29 13:02:37,672	WARNING __init__.py:10 -- TD3 has/have been moved to `rllib_contrib` and will no longer be maintained by the RLlib team. You can still use it/them normally inside RLlib util Ray 2.8, but from Ray 2.9 on, all `rllib_contrib` algorithms will no longer be part of the core repo, and will therefore have to be installed separately with pinned dependencies for e.g. ray[rllib] and other packages! See https://github.com/ray-project/ray/tree/master/rllib_contrib#rllib-contrib for more information on the RLlib contrib effort.
2023-11-29 13:02:37,683	WARNING __init__.py:10 -- LeelaChessZero has/have been moved to `rllib_contrib` and will no longer be maintained by the RLlib team. You can still use it/them normally inside RLlib util Ray 2.8, but from Ray 2.9 on, all `rllib_contrib` algorithms will no longer be part of the core repo, and will therefore have to be installed separately with pinned dependencies for e.g. ray[rllib] and other packages! See https://github.com/ray-project/ray/tree/master/rllib_contrib#rllib-contrib for more information on the RLlib contrib effort.
/home/paganinik/.local/lib/python3.10/site-packages/ray/rllib/algorithms/algorithm.py:484: RayDeprecationWarning: This API is deprecated and may be removed in future Ray releases. You could suppress this warning by setting env variable PYTHONWARNINGS="ignore::DeprecationWarning"
`UnifiedLogger` will be removed in Ray 2.7.
  return UnifiedLogger(config, logdir, loggers=None)
/home/paganinik/.local/lib/python3.10/site-packages/ray/tune/logger/unified.py:53: RayDeprecationWarning: This API is deprecated and may be removed in future Ray releases. You could suppress this warning by setting env variable PYTHONWARNINGS="ignore::DeprecationWarning"
The `JsonLogger interface is deprecated in favor of the `ray.tune.json.JsonLoggerCallback` interface and will be removed in Ray 2.7.
  self._loggers.append(cls(self.config, self.logdir, self.trial))
/home/paganinik/.local/lib/python3.10/site-packages/ray/tune/logger/unified.py:53: RayDeprecationWarning: This API is deprecated and may be removed in future Ray releases. You could suppress this warning by setting env variable PYTHONWARNINGS="ignore::DeprecationWarning"
The `CSVLogger interface is deprecated in favor of the `ray.tune.csv.CSVLoggerCallback` interface and will be removed in Ray 2.7.
  self._loggers.append(cls(self.config, self.logdir, self.trial))
/home/paganinik/.local/lib/python3.10/site-packages/ray/tune/logger/unified.py:53: RayDeprecationWarning: This API is deprecated and may be removed in future Ray releases. You could suppress this warning by setting env variable PYTHONWARNINGS="ignore::DeprecationWarning"
The `TBXLogger interface is deprecated in favor of the `ray.tune.tensorboardx.TBXLoggerCallback` interface and will be removed in Ray 2.7.
  self._loggers.append(cls(self.config, self.logdir, self.trial))
2023-11-29 13:02:37,714	INFO tensorboardx.py:48 -- pip install "ray[tune]" to see TensorBoard files.
2023-11-29 13:02:37,714	WARNING unified.py:56 -- Could not instantiate TBXLogger: No module named 'tensorboardX'.
[36m(pid=1292281)[0m lz4 not available, disabling sample compression. This will significantly impact RLlib performance. To install lz4, run `pip install lz4`.
[36m(pid=1292896)[0m lz4 not available, disabling sample compression. This will significantly impact RLlib performance. To install lz4, run `pip install lz4`.[32m [repeated 36x across cluster] (Ray deduplicates logs by default. Set RAY_DEDUP_LOGS=0 to disable log deduplication, or see https://docs.ray.io/en/master/ray-observability/ray-logging.html#log-deduplication for more options.)[0m
[36m(pid=1292910)[0m lz4 not available, disabling sample compression. This will significantly impact RLlib performance. To install lz4, run `pip install lz4`.[32m [repeated 8x across cluster][0m
[36m(RolloutWorker pid=1292281)[0m 2023-11-29 13:05:08,469	WARNING __init__.py:10 -- PG has/have been moved to `rllib_contrib` and will no longer be maintained by the RLlib team. You can still use it/them normally inside RLlib util Ray 2.8, but from Ray 2.9 on, all `rllib_contrib` algorithms will no longer be part of the core repo, and will therefore have to be installed separately with pinned dependencies for e.g. ray[rllib] and other packages! See https://github.com/ray-project/ray/tree/master/rllib_contrib#rllib-contrib for more information on the RLlib contrib effort.
[36m(RolloutWorker pid=1292281)[0m 2023-11-29 13:05:10,270	WARNING env.py:162 -- Your env doesn't have a .spec.max_episode_steps attribute. Your horizon will default to infinity, and your environment will not be reset.
[36m(RolloutWorker pid=1292281)[0m 2023-11-29 13:05:10,443	WARNING deprecation.py:50 -- DeprecationWarning: `ray.rllib.models.torch.complex_input_net.ComplexInputNetwork` has been deprecated. This will raise an error in the future!
[36m(RolloutWorker pid=1292281)[0m 2023-11-29 13:05:10,444	WARNING deprecation.py:50 -- DeprecationWarning: `ray.rllib.models.torch.fcnet.FullyConnectedNetwork` has been deprecated. This will raise an error in the future!
[36m(pid=1293395)[0m lz4 not available, disabling sample compression. This will significantly impact RLlib performance. To install lz4, run `pip install lz4`.[32m [repeated 22x across cluster][0m
[36m(RolloutWorker pid=1292287)[0m 2023-11-29 13:05:13,492	WARNING __init__.py:10 -- PG has/have been moved to `rllib_contrib` and will no longer be maintained by the RLlib team. You can still use it/them normally inside RLlib util Ray 2.8, but from Ray 2.9 on, all `rllib_contrib` algorithms will no longer be part of the core repo, and will therefore have to be installed separately with pinned dependencies for e.g. ray[rllib] and other packages! See https://github.com/ray-project/ray/tree/master/rllib_contrib#rllib-contrib for more information on the RLlib contrib effort.[32m [repeated 31x across cluster][0m
[36m(RolloutWorker pid=1292916)[0m 2023-11-29 13:05:18,556	WARNING __init__.py:10 -- PG has/have been moved to `rllib_contrib` and will no longer be maintained by the RLlib team. You can still use it/them normally inside RLlib util Ray 2.8, but from Ray 2.9 on, all `rllib_contrib` algorithms will no longer be part of the core repo, and will therefore have to be installed separately with pinned dependencies for e.g. ray[rllib] and other packages! See https://github.com/ray-project/ray/tree/master/rllib_contrib#rllib-contrib for more information on the RLlib contrib effort.[32m [repeated 23x across cluster][0m
2023-11-29 13:05:19,954	WARNING deprecation.py:50 -- DeprecationWarning: `ray.rllib.models.torch.complex_input_net.ComplexInputNetwork` has been deprecated. This will raise an error in the future!
2023-11-29 13:05:19,955	WARNING deprecation.py:50 -- DeprecationWarning: `ray.rllib.models.torch.fcnet.FullyConnectedNetwork` has been deprecated. This will raise an error in the future!
2023-11-29 13:05:20,144	INFO trainable.py:164 -- Trainable.setup took 162.430 seconds. If your trainable is slow to initialize, consider setting reuse_actors=True to reduce actor creation overheads.
2023-11-29 13:05:20,144	WARNING util.py:62 -- Install gputil for GPU system monitoring.
2023-11-29 13:05:20,376	INFO trainable.py:585 -- Restored on 10.199.0.11 from checkpoint: Checkpoint(filesystem=local, path=/home/paganinik/super_mario_PPO/trained_traditional/210)
2023-11-29 13:05:28,340	WARNING deprecation.py:50 -- DeprecationWarning: `ray.rllib.execution.train_ops.multi_gpu_train_one_step` has been deprecated. This will raise an error in the future!
2023-11-29 13:07:17,517	WARNING ppo.py:558 -- The mean reward returned from the environment is 23469.23583984375 but the vf_clip_param is set to 100. Consider increasing it for policy: default_policy to improve value function convergence.
