Defaulting to user installation because normal site-packages is not writeable
Requirement already satisfied: rllib in /home/paganinik/.local/lib/python3.6/site-packages (0.0.1)
Requirement already satisfied: ray in /home/paganinik/.local/lib/python3.6/site-packages (2.4.0)
Collecting gymnasium
  Downloading Gymnasium-0.26.3-py3-none-any.whl (836 kB)
Requirement already satisfied: pyyaml in /opt/conda/lib/python3.6/site-packages (from ray) (5.3.1)
Requirement already satisfied: dataclasses in /opt/conda/lib/python3.6/site-packages (from ray) (0.7)
Requirement already satisfied: virtualenv<20.21.1,>=20.0.24 in /home/paganinik/.local/lib/python3.6/site-packages (from ray) (20.17.1)
Requirement already satisfied: frozenlist in /home/paganinik/.local/lib/python3.6/site-packages (from ray) (1.2.0)
Requirement already satisfied: msgpack<2.0.0,>=1.0.0 in /home/paganinik/.local/lib/python3.6/site-packages (from ray) (1.0.5)
Requirement already satisfied: typing-extensions in /opt/conda/lib/python3.6/site-packages (from ray) (3.7.4.3)
Requirement already satisfied: protobuf!=3.19.5,>=3.15.3 in /home/paganinik/.local/lib/python3.6/site-packages (from ray) (3.19.6)
Requirement already satisfied: aiosignal in /home/paganinik/.local/lib/python3.6/site-packages (from ray) (1.2.0)
Requirement already satisfied: click>=7.0 in /opt/conda/lib/python3.6/site-packages (from ray) (7.1.2)
Requirement already satisfied: attrs in /opt/conda/lib/python3.6/site-packages (from ray) (20.2.0)
Requirement already satisfied: filelock in /home/paganinik/.local/lib/python3.6/site-packages (from ray) (3.4.1)
Requirement already satisfied: jsonschema in /opt/conda/lib/python3.6/site-packages (from ray) (3.0.2)
Requirement already satisfied: requests in /opt/conda/lib/python3.6/site-packages (from ray) (2.24.0)
Requirement already satisfied: grpcio<=1.51.3,>=1.32.0 in /opt/conda/lib/python3.6/site-packages (from ray) (1.33.2)
Requirement already satisfied: numpy>=1.16 in /opt/conda/lib/python3.6/site-packages (from ray) (1.19.2)
Collecting gymnasium-notices>=0.0.1
  Downloading gymnasium_notices-0.0.1-py3-none-any.whl (2.8 kB)
Requirement already satisfied: importlib-metadata>=4.8.0 in /home/paganinik/.local/lib/python3.6/site-packages (from gymnasium) (4.8.3)
Collecting cloudpickle>=1.2.0
  Downloading cloudpickle-2.2.1-py3-none-any.whl (25 kB)
Collecting dataclasses
  Downloading dataclasses-0.8-py3-none-any.whl (19 kB)
Requirement already satisfied: six>=1.5.2 in /opt/conda/lib/python3.6/site-packages (from grpcio<=1.51.3,>=1.32.0->ray) (1.15.0)
Requirement already satisfied: zipp>=0.5 in /opt/conda/lib/python3.6/site-packages (from importlib-metadata>=4.8.0->gymnasium) (3.4.0)
Requirement already satisfied: distlib<1,>=0.3.6 in /home/paganinik/.local/lib/python3.6/site-packages (from virtualenv<20.21.1,>=20.0.24->ray) (0.3.7)
Requirement already satisfied: importlib-resources>=5.4 in /home/paganinik/.local/lib/python3.6/site-packages (from virtualenv<20.21.1,>=20.0.24->ray) (5.4.0)
Requirement already satisfied: platformdirs<3,>=2.4 in /home/paganinik/.local/lib/python3.6/site-packages (from virtualenv<20.21.1,>=20.0.24->ray) (2.4.0)
Requirement already satisfied: setuptools in /opt/conda/lib/python3.6/site-packages (from jsonschema->ray) (59.6.0)
Requirement already satisfied: pyrsistent>=0.14.0 in /opt/conda/lib/python3.6/site-packages (from jsonschema->ray) (0.17.3)
Requirement already satisfied: idna<3,>=2.5 in /opt/conda/lib/python3.6/site-packages (from requests->ray) (2.9)
Requirement already satisfied: urllib3!=1.25.0,!=1.25.1,<1.26,>=1.21.1 in /opt/conda/lib/python3.6/site-packages (from requests->ray) (1.25.11)
Requirement already satisfied: certifi>=2017.4.17 in /opt/conda/lib/python3.6/site-packages (from requests->ray) (2020.6.20)
Requirement already satisfied: chardet<4,>=3.0.2 in /opt/conda/lib/python3.6/site-packages (from requests->ray) (3.0.4)
Installing collected packages: gymnasium-notices, dataclasses, cloudpickle, gymnasium
ERROR: pip's dependency resolver does not currently take into account all the packages that are installed. This behaviour is the source of the following dependency conflicts.
nvidia-pyprof 3. requires tqdm>=4.35.0, but you have tqdm 4.31.1 which is incompatible.
Successfully installed cloudpickle-2.2.1 dataclasses-0.8 gymnasium-0.26.3 gymnasium-notices-0.0.1
/home/paganinik/.local/lib/python3.6/site-packages/gymnasium/core.py:27: UserWarning: [33mWARN: Gymnasium minimally supports python 3.6 as the python foundation not longer supports the version, please update your version to 3.7+[0m
  "Gymnasium minimally supports python 3.6 as the python foundation not longer supports the version, please update your version to 3.7+"
Traceback (most recent call last):
  File "train.py", line 1, in <module>
    from ray.rllib.algorithms.ppo import PPOConfig
  File "/home/paganinik/.local/lib/python3.6/site-packages/ray/rllib/__init__.py", line 7, in <module>
    from ray.rllib.env.base_env import BaseEnv
  File "/home/paganinik/.local/lib/python3.6/site-packages/ray/rllib/env/__init__.py", line 1, in <module>
    from ray.rllib.env.base_env import BaseEnv
  File "/home/paganinik/.local/lib/python3.6/site-packages/ray/rllib/env/base_env.py", line 6, in <module>
    from ray.rllib.utils.annotations import Deprecated, DeveloperAPI, PublicAPI
  File "/home/paganinik/.local/lib/python3.6/site-packages/ray/rllib/utils/__init__.py", line 8, in <module>
    from ray.rllib.utils.filter import Filter
  File "/home/paganinik/.local/lib/python3.6/site-packages/ray/rllib/utils/filter.py", line 5, in <module>
    import tree  # pip install dm_tree
ModuleNotFoundError: No module named 'tree'
