Defaulting to user installation because normal site-packages is not writeable
Requirement already satisfied: rllib in /home/paganinik/.local/lib/python3.6/site-packages (0.0.1)
Collecting ray
  Downloading ray-2.4.0-cp36-cp36m-manylinux2014_x86_64.whl (58.9 MB)
Requirement already satisfied: pyyaml in /opt/conda/lib/python3.6/site-packages (from ray) (5.3.1)
Collecting virtualenv<20.21.1,>=20.0.24
  Downloading virtualenv-20.17.1-py3-none-any.whl (8.8 MB)
Requirement already satisfied: attrs in /opt/conda/lib/python3.6/site-packages (from ray) (20.2.0)
Requirement already satisfied: protobuf!=3.19.5,>=3.15.3 in /home/paganinik/.local/lib/python3.6/site-packages (from ray) (3.19.6)
Requirement already satisfied: click>=7.0 in /opt/conda/lib/python3.6/site-packages (from ray) (7.1.2)
Requirement already satisfied: requests in /opt/conda/lib/python3.6/site-packages (from ray) (2.24.0)
Requirement already satisfied: numpy>=1.16 in /opt/conda/lib/python3.6/site-packages (from ray) (1.19.2)
Requirement already satisfied: jsonschema in /opt/conda/lib/python3.6/site-packages (from ray) (3.0.2)
Collecting msgpack<2.0.0,>=1.0.0
  Downloading msgpack-1.0.5-cp36-cp36m-manylinux_2_17_x86_64.manylinux2014_x86_64.whl (300 kB)
Requirement already satisfied: filelock in /opt/conda/lib/python3.6/site-packages (from ray) (3.0.12)
Requirement already satisfied: grpcio<=1.51.3,>=1.32.0 in /opt/conda/lib/python3.6/site-packages (from ray) (1.33.2)
Requirement already satisfied: dataclasses in /opt/conda/lib/python3.6/site-packages (from ray) (0.7)
Collecting aiosignal
  Downloading aiosignal-1.2.0-py3-none-any.whl (8.2 kB)
Requirement already satisfied: typing-extensions in /opt/conda/lib/python3.6/site-packages (from ray) (3.7.4.3)
Collecting frozenlist
  Downloading frozenlist-1.2.0-cp36-cp36m-manylinux_2_5_x86_64.manylinux1_x86_64.manylinux_2_12_x86_64.manylinux2010_x86_64.whl (191 kB)
Requirement already satisfied: six>=1.5.2 in /opt/conda/lib/python3.6/site-packages (from grpcio<=1.51.3,>=1.32.0->ray) (1.15.0)
Collecting platformdirs<3,>=2.4
  Downloading platformdirs-2.4.0-py3-none-any.whl (14 kB)
Collecting filelock
  Downloading filelock-3.4.1-py3-none-any.whl (9.9 kB)
Collecting distlib<1,>=0.3.6
  Downloading distlib-0.3.7-py2.py3-none-any.whl (468 kB)
Collecting importlib-metadata>=4.8.3
  Downloading importlib_metadata-4.8.3-py3-none-any.whl (17 kB)
Collecting importlib-resources>=5.4
  Downloading importlib_resources-5.4.0-py3-none-any.whl (28 kB)
Requirement already satisfied: pyrsistent>=0.14.0 in /opt/conda/lib/python3.6/site-packages (from jsonschema->ray) (0.17.3)
Requirement already satisfied: setuptools in /opt/conda/lib/python3.6/site-packages (from jsonschema->ray) (59.6.0)
Requirement already satisfied: urllib3!=1.25.0,!=1.25.1,<1.26,>=1.21.1 in /opt/conda/lib/python3.6/site-packages (from requests->ray) (1.25.11)
Requirement already satisfied: certifi>=2017.4.17 in /opt/conda/lib/python3.6/site-packages (from requests->ray) (2020.6.20)
Requirement already satisfied: chardet<4,>=3.0.2 in /opt/conda/lib/python3.6/site-packages (from requests->ray) (3.0.4)
Requirement already satisfied: idna<3,>=2.5 in /opt/conda/lib/python3.6/site-packages (from requests->ray) (2.9)
Requirement already satisfied: zipp>=0.5 in /opt/conda/lib/python3.6/site-packages (from importlib-metadata>=4.8.3->virtualenv<20.21.1,>=20.0.24->ray) (3.4.0)
Installing collected packages: platformdirs, importlib-resources, importlib-metadata, frozenlist, filelock, distlib, virtualenv, msgpack, aiosignal, ray
  WARNING: The script virtualenv is installed in '/home/paganinik/.local/bin' which is not on PATH.
  Consider adding this directory to PATH or, if you prefer to suppress this warning, use --no-warn-script-location.
  WARNING: The scripts ray, rllib, serve and tune are installed in '/home/paganinik/.local/bin' which is not on PATH.
  Consider adding this directory to PATH or, if you prefer to suppress this warning, use --no-warn-script-location.
Successfully installed aiosignal-1.2.0 distlib-0.3.7 filelock-3.4.1 frozenlist-1.2.0 importlib-metadata-4.8.3 importlib-resources-5.4.0 msgpack-1.0.5 platformdirs-2.4.0 ray-2.4.0 virtualenv-20.17.1
Traceback (most recent call last):
  File "train.py", line 1, in <module>
    from ray.rllib.algorithms.ppo import PPOConfig
  File "/home/paganinik/.local/lib/python3.6/site-packages/ray/rllib/__init__.py", line 7, in <module>
    from ray.rllib.env.base_env import BaseEnv
  File "/home/paganinik/.local/lib/python3.6/site-packages/ray/rllib/env/__init__.py", line 1, in <module>
    from ray.rllib.env.base_env import BaseEnv
  File "/home/paganinik/.local/lib/python3.6/site-packages/ray/rllib/env/base_env.py", line 4, in <module>
    import gymnasium as gym
ModuleNotFoundError: No module named 'gymnasium'
